[NotebookApp | WARNING] No nbgrader_config.py file found (rerun with --debug to see where nbgrader is looking)
[NotebookApp | INFO] Loading the validate_assignment nbgrader serverextension
[NotebookApp | INFO] Serving notebooks from local directory: F:\googleDrive\_StatsDev\LS40_Development\Lecture Presentations\lib\_notebooks
[NotebookApp | INFO] 0 active kernels
[NotebookApp | INFO] The Jupyter Notebook is running at:
[NotebookApp | INFO] http://localhost:8888/?token=ca57d8dfc066bced3a160af18318fc7e13641b2e0106c4ae
[NotebookApp | INFO] Use Control-C to stop this server and shut down all kernels (twice to skip confirmation).
[NotebookApp | CRITICAL] 
    
    Copy/paste this URL into your browser when you connect for the first time,
    to login with a token:
        http://localhost:8888/?token=ca57d8dfc066bced3a160af18318fc7e13641b2e0106c4ae
[NotebookApp | INFO] Accepting one-time-token-authenticated connection from ::1
[NotebookApp | WARNING] 404 GET /nbextensions/nbextensions_configurator/tree_tab/main.js?v=20180113111914 (::1) 18.00ms referer=http://localhost:8888/tree
[NotebookApp | WARNING] delete /Figures L1-Copy1.ipynb
[NotebookApp | INFO] Creating new notebook in 
[NotebookApp | INFO] Kernel started: a99578f4-e763-4d66-b48d-13495438605f
[NotebookApp | WARNING] 404 GET /nbextensions/nbextensions_configurator/config_menu/main.js?v=20180113111914 (::1) 1.00ms referer=http://localhost:8888/notebooks/Untitled.ipynb?kernel_name=python3
[NotebookApp | WARNING] 404 GET /nbextensions/python-markdown/main.js?v=20180113111914 (::1) 2.01ms referer=http://localhost:8888/notebooks/Untitled.ipynb?kernel_name=python3
[NotebookApp | INFO] Adapting to protocol v5.1 for kernel a99578f4-e763-4d66-b48d-13495438605f
[NotebookApp | WARNING] 404 GET /nbextensions/nbextensions_configurator/config_menu/main.js?v=20180113111914 (::1) 2.01ms referer=http://localhost:8888/notebooks/Figures%20L1.ipynb
[NotebookApp | WARNING] 404 GET /nbextensions/python-markdown/main.js?v=20180113111914 (::1) 1.00ms referer=http://localhost:8888/notebooks/Figures%20L1.ipynb
[NotebookApp | INFO] Kernel started: e67eea0e-b096-47de-bda8-937a7c2342ba
[NotebookApp | WARNING] 404 GET /nbextensions/widgets/notebook/js/extension.js?v=20180113111914 (::1) 2.00ms referer=http://localhost:8888/notebooks/Figures%20L1.ipynb
[NotebookApp | INFO] Adapting to protocol v5.1 for kernel e67eea0e-b096-47de-bda8-937a7c2342ba
[NotebookApp | INFO] Starting buffering for a99578f4-e763-4d66-b48d-13495438605f:D70320746959456CB96E9495BC6BD8EA
[NotebookApp | INFO] Saving file at /Figures L1.ipynb
[NotebookApp | INFO] Adapting to protocol v5.1 for kernel a99578f4-e763-4d66-b48d-13495438605f
[NotebookApp | WARNING] 404 GET /nbextensions/nbextensions_configurator/config_menu/main.js?v=20180113111914 (::1) 2.00ms referer=http://localhost:8888/notebooks/L3_Figures.ipynb
[NotebookApp | WARNING] 404 GET /nbextensions/python-markdown/main.js?v=20180113111914 (::1) 2.00ms referer=http://localhost:8888/notebooks/L3_Figures.ipynb
[NotebookApp | WARNING] 404 GET /nbextensions/widgets/notebook/js/extension.js?v=20180113111914 (::1) 1.00ms referer=http://localhost:8888/notebooks/L3_Figures.ipynb
[NotebookApp | INFO] Saving file at /Figures.ipynb
[NotebookApp | INFO] Saving file at /Figures.ipynb
[NotebookApp | INFO] Starting buffering for e67eea0e-b096-47de-bda8-937a7c2342ba:00CA2F7445114FBA80C7B033CDD977FD
[NotebookApp | INFO] Saving file at /Figures.ipynb
[NotebookApp | INFO] Interrupted...
[NotebookApp | INFO] Shutting down 2 kernels
[NotebookApp | INFO] Kernel shutdown: a99578f4-e763-4d66-b48d-13495438605f
[NotebookApp | INFO] Kernel shutdown: e67eea0e-b096-47de-bda8-937a7c2342ba
[NotebookApp | WARNING] No nbgrader_config.py file found (rerun with --debug to see where nbgrader is looking)
[NotebookApp | INFO] Loading the validate_assignment nbgrader serverextension
[NotebookApp | INFO] Serving notebooks from local directory: F:\googleDrive\_StatsDev\LS40_Development\Lecture Presentations\lib\_notebooks
[NotebookApp | INFO] 0 active kernels
[NotebookApp | INFO] The Jupyter Notebook is running at:
[NotebookApp | INFO] http://localhost:8888/?token=b4cbda7650836ee2f79282057613fd6c160ff1f1c07184ac
[NotebookApp | INFO] Use Control-C to stop this server and shut down all kernels (twice to skip confirmation).
[NotebookApp | CRITICAL] 
    
    Copy/paste this URL into your browser when you connect for the first time,
    to login with a token:
        http://localhost:8888/?token=b4cbda7650836ee2f79282057613fd6c160ff1f1c07184ac
[NotebookApp | WARNING] 404 GET /api/kernels/a99578f4-e763-4d66-b48d-13495438605f/channels?session_id=BC5346A740254DE29437975CB2203CFA (::1): Kernel does not exist: a99578f4-e763-4d66-b48d-13495438605f
[NotebookApp | WARNING] 404 GET /api/kernels/a99578f4-e763-4d66-b48d-13495438605f/channels?session_id=BC5346A740254DE29437975CB2203CFA (::1) 47.00ms referer=None
[NotebookApp | INFO] Accepting one-time-token-authenticated connection from 127.0.0.1
[NotebookApp | WARNING] 404 GET /nbextensions/nbextensions_configurator/tree_tab/main.js?v=20180113124553 (::1) 2.00ms referer=http://localhost:8888/tree
[NotebookApp | WARNING] Replacing stale connection: a99578f4-e763-4d66-b48d-13495438605f:BC5346A740254DE29437975CB2203CFA
[NotebookApp | ERROR] Exception restarting kernel
    Traceback (most recent call last):
      File "C:\ProgramData\Anaconda3\lib\site-packages\notebook\services\kernels\handlers.py", line 85, in post
        yield gen.maybe_future(km.restart_kernel(kernel_id))
      File "C:\ProgramData\Anaconda3\lib\site-packages\notebook\services\kernels\kernelmanager.py", line 264, in restart_kernel
        self._check_kernel_id(kernel_id)
      File "C:\ProgramData\Anaconda3\lib\site-packages\notebook\services\kernels\kernelmanager.py", line 343, in _check_kernel_id
        raise web.HTTPError(404, u'Kernel does not exist: %s' % kernel_id)
    tornado.web.HTTPError: HTTP 404: Not Found (Kernel does not exist: a99578f4-e763-4d66-b48d-13495438605f)
[NotebookApp | ERROR] {
      "Host": "localhost:8888",
      "Connection": "keep-alive",
      "Content-Length": "0",
      "Accept": "application/json, text/javascript, */*; q=0.01",
      "Origin": "http://localhost:8888",
      "X-Requested-With": "XMLHttpRequest",
      "X-Xsrftoken": "2|4b18cb04|0c8518b01dd5c4488ad378ddbf056405|1515871162",
      "User-Agent": "Mozilla/5.0 (Windows NT 10.0; Win64; x64) AppleWebKit/537.36 (KHTML, like Gecko) Chrome/63.0.3239.132 Safari/537.36",
      "Dnt": "1",
      "Referer": "http://localhost:8888/notebooks/Figures.ipynb",
      "Accept-Encoding": "gzip, deflate, br",
      "Accept-Language": "en-US,en;q=0.9",
      "Cookie": "_xsrf=2|4b18cb04|0c8518b01dd5c4488ad378ddbf056405|1515871162; username-localhost-8888=\"2|1:0|10:1515876355|23:username-localhost-8888|44:Mzk4NjNiOTNlNzIxNDdmOGIwOGFlODgxNTAyNDcxY2I=|4f4e025363f94bf1a6e988a5a22d88f4d183edee05da96923bb6e5df4290ce3f\""
    }
[NotebookApp | ERROR] 500 POST /api/kernels/a99578f4-e763-4d66-b48d-13495438605f/restart (::1) 22.00ms referer=http://localhost:8888/notebooks/Figures.ipynb
[NotebookApp | WARNING] 404 DELETE /api/sessions/30e29815-b5b1-4b25-be19-a5ef3ba4785e (::1): Session not found: session_id='30e29815-b5b1-4b25-be19-a5ef3ba4785e'
[NotebookApp | WARNING] Session not found: session_id='30e29815-b5b1-4b25-be19-a5ef3ba4785e'
[NotebookApp | WARNING] 404 DELETE /api/sessions/30e29815-b5b1-4b25-be19-a5ef3ba4785e (::1) 2.00ms referer=http://localhost:8888/notebooks/Figures.ipynb
[NotebookApp | INFO] Kernel started: e96b6546-0b2d-4e0c-ac48-1f7de19b96b5
[NotebookApp | INFO] Adapting to protocol v5.1 for kernel e96b6546-0b2d-4e0c-ac48-1f7de19b96b5
[NotebookApp | INFO] Saving file at /Figures.ipynb
[NotebookApp | INFO] Saving file at /Figures.ipynb
[NotebookApp | INFO] Saving file at /Figures.ipynb
[NotebookApp | INFO] Saving file at /Figures.ipynb
[NotebookApp | INFO] Saving file at /Figures.ipynb
[NotebookApp | INFO] Saving file at /Figures.ipynb
[NotebookApp | WARNING] 404 GET /nbextensions/python-markdown/main.js?v=20180113124553 (::1) 2.00ms referer=http://localhost:8888/notebooks/Figures%20L1.ipynb
[NotebookApp | WARNING] 404 GET /nbextensions/nbextensions_configurator/config_menu/main.js?v=20180113124553 (::1) 2.00ms referer=http://localhost:8888/notebooks/Figures%20L1.ipynb
[NotebookApp | INFO] Kernel started: 8b328e80-97e5-400b-b382-0e1a141a5055
[NotebookApp | WARNING] 404 GET /nbextensions/widgets/notebook/js/extension.js?v=20180113124553 (::1) 1.02ms referer=http://localhost:8888/notebooks/Figures%20L1.ipynb
[NotebookApp | INFO] Adapting to protocol v5.1 for kernel 8b328e80-97e5-400b-b382-0e1a141a5055
[NotebookApp | INFO] Starting buffering for 8b328e80-97e5-400b-b382-0e1a141a5055:DE48E299A65F443F97571E2DE008349D
[NotebookApp | WARNING] 404 GET /nbextensions/nbextensions_configurator/config_menu/main.js?v=20180113124553 (::1) 1.00ms referer=http://localhost:8888/notebooks/Lecture%201.ipynb
[NotebookApp | WARNING] 404 GET /nbextensions/python-markdown/main.js?v=20180113124553 (::1) 1.00ms referer=http://localhost:8888/notebooks/Lecture%201.ipynb
[NotebookApp | INFO] Kernel started: f7fd2f7d-1a02-4b45-9966-4268f7af5fd1
[NotebookApp | WARNING] 404 GET /nbextensions/widgets/notebook/js/extension.js?v=20180113124553 (::1) 2.00ms referer=http://localhost:8888/notebooks/Lecture%201.ipynb
[NotebookApp | INFO] Adapting to protocol v5.1 for kernel f7fd2f7d-1a02-4b45-9966-4268f7af5fd1
[NotebookApp | WARNING] 404 GET /nbextensions/nbextensions_configurator/config_menu/main.js?v=20180113124553 (::1) 1.02ms referer=http://localhost:8888/notebooks/Figures.ipynb
[NotebookApp | WARNING] 404 GET /nbextensions/python-markdown/main.js?v=20180113124553 (::1) 1.02ms referer=http://localhost:8888/notebooks/Figures.ipynb
[NotebookApp | WARNING] 404 GET /nbextensions/widgets/notebook/js/extension.js?v=20180113124553 (::1) 2.00ms referer=http://localhost:8888/notebooks/Figures.ipynb
[NotebookApp | INFO] Adapting to protocol v5.1 for kernel e96b6546-0b2d-4e0c-ac48-1f7de19b96b5
[NotebookApp | INFO] Adapting to protocol v5.1 for kernel e96b6546-0b2d-4e0c-ac48-1f7de19b96b5
[NotebookApp | INFO] Saving file at /Figures.ipynb
[NotebookApp | INFO] Saving file at /Figures.ipynb
[NotebookApp | INFO] Saving file at /Figures.ipynb
[NotebookApp | INFO] Saving file at /Figures.ipynb
[NotebookApp | INFO] Saving file at /Figures.ipynb
[NotebookApp | INFO] Saving file at /Figures.ipynb
[NotebookApp | INFO] Saving file at /Figures.ipynb
[NotebookApp | INFO] Saving file at /Figures.ipynb
[NotebookApp | INFO] Saving file at /Figures.ipynb
[NotebookApp | INFO] Saving file at /Figures.ipynb
[NotebookApp | INFO] Saving file at /Figures.ipynb
[NotebookApp | INFO] Saving file at /Lecture 1.ipynb
[NotebookApp | INFO] Saving file at /Lecture 1.ipynb
[NotebookApp | INFO] Saving file at /Lecture 1.ipynb
[NotebookApp | INFO] Saving file at /Lecture 1.ipynb
[NotebookApp | INFO] Saving file at /Figures.ipynb
[NotebookApp | INFO] Saving file at /Figures.ipynb
[NotebookApp | INFO] Saving file at /Figures.ipynb
[NotebookApp | INFO] Saving file at /Figures.ipynb
[NotebookApp | INFO] Saving file at /Figures.ipynb
[NotebookApp | INFO] Saving file at /Figures.ipynb
[NotebookApp | INFO] Saving file at /Figures.ipynb
[NotebookApp | INFO] Saving file at /Figures.ipynb
[NotebookApp | INFO] Saving file at /Figures.ipynb
[NotebookApp | INFO] Saving file at /Figures.ipynb
[NotebookApp | INFO] Saving file at /Figures.ipynb
[NotebookApp | INFO] Saving file at /Figures.ipynb
[NotebookApp | INFO] Saving file at /Figures.ipynb
[NotebookApp | INFO] Saving file at /Figures.ipynb
[NotebookApp | INFO] Saving file at /Figures.ipynb
[NotebookApp | INFO] Saving file at /Figures.ipynb
[NotebookApp | INFO] Saving file at /Figures.ipynb
[NotebookApp | INFO] Saving file at /Figures.ipynb
[NotebookApp | INFO] Saving file at /Figures.ipynb
[NotebookApp | INFO] Saving file at /Figures.ipynb
[NotebookApp | INFO] Saving file at /Figures.ipynb
[NotebookApp | INFO] Saving file at /Figures.ipynb
[NotebookApp | INFO] Saving file at /Figures.ipynb
[NotebookApp | INFO] Saving file at /Figures.ipynb
[NotebookApp | INFO] Saving file at /Figures.ipynb
[NotebookApp | INFO] Saving file at /Figures.ipynb
[NotebookApp | INFO] Saving file at /Figures.ipynb
[NotebookApp | INFO] Saving file at /Figures.ipynb
[NotebookApp | INFO] Saving file at /Figures.ipynb
[NotebookApp | INFO] Saving file at /Figures.ipynb
[NotebookApp | INFO] Saving file at /Figures.ipynb
[NotebookApp | INFO] Saving file at /Figures.ipynb
[NotebookApp | INFO] Saving file at /Figures.ipynb
[NotebookApp | INFO] Creating new notebook in 
[NotebookApp | INFO] Kernel started: 4af668db-61f0-4d69-9733-845d74f4fa22
[NotebookApp | WARNING] 404 GET /nbextensions/nbextensions_configurator/config_menu/main.js?v=20180113124553 (::1) 3.00ms referer=http://localhost:8888/notebooks/Untitled.ipynb?kernel_name=python3
[NotebookApp | WARNING] 404 GET /nbextensions/python-markdown/main.js?v=20180113124553 (::1) 2.02ms referer=http://localhost:8888/notebooks/Untitled.ipynb?kernel_name=python3
[NotebookApp | WARNING] 404 GET /nbextensions/widgets/notebook/js/extension.js?v=20180113124553 (::1) 2.08ms referer=http://localhost:8888/notebooks/Untitled.ipynb?kernel_name=python3
[NotebookApp | INFO] Adapting to protocol v5.1 for kernel 4af668db-61f0-4d69-9733-845d74f4fa22
[NotebookApp | INFO] Saving file at /_dev.ipynb
[NotebookApp | INFO] Saving file at /_dev.ipynb
[NotebookApp | INFO] Saving file at /_dev.ipynb
[NotebookApp | INFO] Saving file at /Figures.ipynb
[NotebookApp | INFO] Saving file at /Figures.ipynb
[NotebookApp | INFO] Saving file at /_dev.ipynb
[NotebookApp | INFO] Saving file at /Figures.ipynb
[NotebookApp | INFO] Saving file at /_dev.ipynb
[NotebookApp | INFO] Saving file at /_dev.ipynb
[NotebookApp | INFO] Saving file at /_dev.ipynb
[NotebookApp | INFO] Saving file at /_dev.ipynb
[NotebookApp | INFO] Saving file at /_dev.ipynb
[NotebookApp | INFO] Saving file at /_dev.ipynb
[NotebookApp | INFO] Saving file at /_dev.ipynb
[NotebookApp | INFO] Saving file at /_dev.ipynb
[NotebookApp | INFO] Saving file at /_dev.ipynb
[NotebookApp | INFO] Saving file at /_dev.ipynb
[NotebookApp | INFO] Saving file at /_dev.ipynb
[NotebookApp | INFO] Saving file at /_dev.ipynb
[NotebookApp | INFO] Saving file at /_dev.ipynb
[NotebookApp | INFO] Saving file at /_dev.ipynb
[NotebookApp | INFO] Saving file at /_dev.ipynb
[NotebookApp | INFO] Saving file at /_dev.ipynb
[NotebookApp | INFO] Saving file at /_dev.ipynb
[NotebookApp | INFO] Saving file at /_dev.ipynb
[NotebookApp | INFO] Saving file at /_dev.ipynb
[NotebookApp | INFO] Saving file at /_dev.ipynb
[NotebookApp | INFO] Saving file at /_dev.ipynb
[NotebookApp | INFO] Saving file at /_dev.ipynb
[NotebookApp | INFO] Saving file at /Figures.ipynb
[NotebookApp | INFO] Saving file at /_dev.ipynb
[NotebookApp | INFO] Saving file at /Figures.ipynb
[NotebookApp | INFO] Saving file at /Figures.ipynb
[NotebookApp | INFO] Saving file at /Figures.ipynb
[NotebookApp | INFO] Saving file at /Figures.ipynb
[NotebookApp | INFO] Saving file at /_dev.ipynb
[NotebookApp | INFO] Saving file at /_dev.ipynb
[NotebookApp | INFO] Saving file at /_dev.ipynb
[NotebookApp | INFO] Saving file at /_dev.ipynb
[NotebookApp | INFO] Saving file at /Figures.ipynb
[NotebookApp | INFO] Saving file at /Figures.ipynb
[NotebookApp | INFO] Saving file at /Figures.ipynb
[NotebookApp | INFO] Saving file at /_dev.ipynb
[NotebookApp | INFO] Saving file at /Figures.ipynb
[NotebookApp | INFO] Saving file at /Figures.ipynb
[NotebookApp | INFO] Saving file at /Figures.ipynb
[NotebookApp | INFO] Saving file at /Figures.ipynb
[NotebookApp | INFO] Saving file at /Figures.ipynb
[NotebookApp | INFO] Saving file at /Figures.ipynb
[NotebookApp | INFO] Saving file at /Figures.ipynb
[NotebookApp | INFO] Saving file at /Figures.ipynb
[NotebookApp | INFO] Starting buffering for f7fd2f7d-1a02-4b45-9966-4268f7af5fd1:5E6A968F751F402183520E6160A8ED03
[NotebookApp | INFO] Starting buffering for 4af668db-61f0-4d69-9733-845d74f4fa22:3D60A8D5655F43D6B2969107BB7AD01C
[NotebookApp | INFO] Saving file at /Figures.ipynb
[NotebookApp | INFO] Saving file at /Figures.ipynb
[NotebookApp | INFO] Saving file at /Figures.ipynb
[NotebookApp | INFO] Saving file at /Figures.ipynb
[NotebookApp | INFO] Saving file at /Figures.ipynb
[NotebookApp | INFO] Saving file at /Figures.ipynb
[NotebookApp | INFO] Starting buffering for e96b6546-0b2d-4e0c-ac48-1f7de19b96b5:2D649C75EB8A490D8CB48349D180FC46
[NotebookApp | INFO] Kernel restarted: e96b6546-0b2d-4e0c-ac48-1f7de19b96b5
[NotebookApp | INFO] Adapting to protocol v5.1 for kernel e96b6546-0b2d-4e0c-ac48-1f7de19b96b5
[NotebookApp | INFO] Restoring connection for e96b6546-0b2d-4e0c-ac48-1f7de19b96b5:2D649C75EB8A490D8CB48349D180FC46
[NotebookApp | INFO] Replaying 6 buffered messages
[NotebookApp | INFO] Starting buffering for e96b6546-0b2d-4e0c-ac48-1f7de19b96b5:2D649C75EB8A490D8CB48349D180FC46
[NotebookApp | INFO] Kernel restarted: e96b6546-0b2d-4e0c-ac48-1f7de19b96b5
[NotebookApp | INFO] Adapting to protocol v5.1 for kernel e96b6546-0b2d-4e0c-ac48-1f7de19b96b5
[NotebookApp | INFO] Restoring connection for e96b6546-0b2d-4e0c-ac48-1f7de19b96b5:2D649C75EB8A490D8CB48349D180FC46
[NotebookApp | INFO] Replaying 3 buffered messages
[NotebookApp | INFO] Saving file at /Figures.ipynb
[NotebookApp | INFO] Saving file at /Figures.ipynb
[NotebookApp | INFO] Saving file at /Figures.ipynb
[NotebookApp | INFO] Saving file at /Figures.ipynb
[NotebookApp | INFO] Saving file at /Figures.ipynb
[NotebookApp | INFO] Saving file at /Figures.ipynb
[NotebookApp | INFO] Starting buffering for e96b6546-0b2d-4e0c-ac48-1f7de19b96b5:2D649C75EB8A490D8CB48349D180FC46
[NotebookApp | INFO] Interrupted...
[NotebookApp | INFO] Shutting down 4 kernels
[NotebookApp | WARNING] No nbgrader_config.py file found (rerun with --debug to see where nbgrader is looking)
[NotebookApp | INFO] Loading the validate_assignment nbgrader serverextension
[NotebookApp | INFO] Serving notebooks from local directory: F:\googleDrive\_StatsDev\LS40_Development\Lecture Presentations\lib\_notebooks
[NotebookApp | INFO] 0 active kernels
[NotebookApp | INFO] The Jupyter Notebook is running at:
[NotebookApp | INFO] http://localhost:8888/?token=503be41f9663950ea11a457ff092410e229a5034fe0e2238
[NotebookApp | INFO] Use Control-C to stop this server and shut down all kernels (twice to skip confirmation).
[NotebookApp | CRITICAL] 
    
    Copy/paste this URL into your browser when you connect for the first time,
    to login with a token:
        http://localhost:8888/?token=503be41f9663950ea11a457ff092410e229a5034fe0e2238
[NotebookApp | INFO] Accepting one-time-token-authenticated connection from ::1
[NotebookApp | WARNING] 404 GET /nbextensions/nbextensions_configurator/tree_tab/main.js?v=20180113202002 (::1) 21.00ms referer=http://localhost:8888/tree
[NotebookApp | INFO] Kernel started: 6b062de9-2718-4eee-8e0a-d4e1cc737f61
[NotebookApp | WARNING] 404 GET /nbextensions/python-markdown/main.js?v=20180113202002 (::1) 1.00ms referer=http://localhost:8888/notebooks/Figures%20L1.ipynb
[NotebookApp | WARNING] 404 GET /nbextensions/nbextensions_configurator/config_menu/main.js?v=20180113202002 (::1) 2.00ms referer=http://localhost:8888/notebooks/Figures%20L1.ipynb
[NotebookApp | WARNING] 404 GET /nbextensions/widgets/notebook/js/extension.js?v=20180113202002 (::1) 1.00ms referer=http://localhost:8888/notebooks/Figures%20L1.ipynb
[NotebookApp | INFO] Adapting to protocol v5.1 for kernel 6b062de9-2718-4eee-8e0a-d4e1cc737f61
[NotebookApp | INFO] Starting buffering for 6b062de9-2718-4eee-8e0a-d4e1cc737f61:40A9E3AEF91D46768010BBCB7A892CD8
[NotebookApp | WARNING] 404 GET /nbextensions/python-markdown/main.js?v=20180113202002 (::1) 1.00ms referer=http://localhost:8888/notebooks/Figures.ipynb
[NotebookApp | WARNING] 404 GET /nbextensions/nbextensions_configurator/config_menu/main.js?v=20180113202002 (::1) 1.99ms referer=http://localhost:8888/notebooks/Figures.ipynb
[NotebookApp | INFO] Kernel started: c474e861-751d-4920-8ae0-97e07b477519
[NotebookApp | WARNING] 404 GET /nbextensions/widgets/notebook/js/extension.js?v=20180113202002 (::1) 3.00ms referer=http://localhost:8888/notebooks/Figures.ipynb
[NotebookApp | INFO] Adapting to protocol v5.1 for kernel c474e861-751d-4920-8ae0-97e07b477519
[NotebookApp | INFO] Saving file at /Figures.ipynb
[NotebookApp | INFO] Kernel shutdown: 6b062de9-2718-4eee-8e0a-d4e1cc737f61
[NotebookApp | WARNING] delete /Figures L1.ipynb
[NotebookApp | WARNING] delete /utils.py
[NotebookApp | WARNING] delete /Lecture 1.ipynb
[NotebookApp | INFO] Saving file at /Figures.ipynb
[NotebookApp | INFO] Saving file at /Figures.ipynb
[NotebookApp | INFO] Saving file at /Figures.ipynb
[NotebookApp | INFO] Saving file at /Figures.ipynb
[NotebookApp | INFO] Saving file at /Figures.ipynb
[NotebookApp | INFO] Saving file at /Figures.ipynb
[NotebookApp | INFO] Saving file at /Figures.ipynb
[NotebookApp | INFO] Saving file at /Figures.ipynb
[NotebookApp | INFO] Saving file at /Figures.ipynb
[NotebookApp | INFO] Saving file at /Figures.ipynb
[NotebookApp | INFO] Saving file at /Figures.ipynb
[NotebookApp | INFO] Saving file at /Figures.ipynb
[NotebookApp | INFO] Saving file at /Figures.ipynb
[NotebookApp | INFO] Saving file at /Figures.ipynb
[NotebookApp | INFO] Saving file at /Figures.ipynb
[NotebookApp | INFO] Saving file at /Figures.ipynb
[NotebookApp | INFO] Starting buffering for c474e861-751d-4920-8ae0-97e07b477519:87362B80305C42D48510F1C8BD1F2231
[NotebookApp | INFO] Kernel restarted: c474e861-751d-4920-8ae0-97e07b477519
[NotebookApp | INFO] Saving file at /Figures.ipynb
[NotebookApp | INFO] Adapting to protocol v5.1 for kernel c474e861-751d-4920-8ae0-97e07b477519
[NotebookApp | INFO] Restoring connection for c474e861-751d-4920-8ae0-97e07b477519:87362B80305C42D48510F1C8BD1F2231
[NotebookApp | INFO] Replaying 3 buffered messages
[NotebookApp | INFO] Saving file at /Figures.ipynb
[NotebookApp | INFO] Saving file at /Figures.ipynb
[NotebookApp | INFO] Saving file at /Figures.ipynb
[NotebookApp | INFO] Saving file at /Figures.ipynb
[NotebookApp | INFO] Saving file at /Figures.ipynb
[NotebookApp | INFO] Saving file at /Figures.ipynb
[NotebookApp | INFO] Saving file at /Figures.ipynb
[NotebookApp | INFO] Saving file at /Figures.ipynb
[NotebookApp | INFO] Saving file at /Figures.ipynb
[NotebookApp | INFO] Saving file at /Figures.ipynb
[NotebookApp | INFO] Saving file at /Figures.ipynb
[NotebookApp | INFO] Saving file at /Figures.ipynb
[NotebookApp | INFO] Saving file at /Figures.ipynb
[NotebookApp | INFO] Saving file at /Figures.ipynb
[NotebookApp | INFO] Saving file at /Figures.ipynb
[NotebookApp | INFO] Saving file at /Figures.ipynb
[NotebookApp | INFO] Saving file at /Figures.ipynb
[NotebookApp | INFO] Saving file at /Figures.ipynb
[NotebookApp | INFO] Saving file at /Figures.ipynb
[NotebookApp | INFO] Saving file at /Figures.ipynb
[NotebookApp | INFO] Saving file at /Figures.ipynb
[NotebookApp | INFO] Starting buffering for c474e861-751d-4920-8ae0-97e07b477519:87362B80305C42D48510F1C8BD1F2231
[NotebookApp | INFO] Interrupted...
[NotebookApp | INFO] Shutting down 1 kernel
[NotebookApp | INFO] Kernel shutdown: c474e861-751d-4920-8ae0-97e07b477519
[NotebookApp | WARNING] No nbgrader_config.py file found (rerun with --debug to see where nbgrader is looking)
[NotebookApp | INFO] Loading the validate_assignment nbgrader serverextension
[NotebookApp | INFO] Serving notebooks from local directory: F:\googleDrive\_StatsDev\LS40_Development\Lecture Presentations\lib\_notebooks
[NotebookApp | INFO] 0 active kernels
[NotebookApp | INFO] The Jupyter Notebook is running at:
[NotebookApp | INFO] http://localhost:8888/?token=9c338ddb855085144d30b26bb786458f4cb4232d03fcd471
[NotebookApp | INFO] Use Control-C to stop this server and shut down all kernels (twice to skip confirmation).
[NotebookApp | CRITICAL] 
    
    Copy/paste this URL into your browser when you connect for the first time,
    to login with a token:
        http://localhost:8888/?token=9c338ddb855085144d30b26bb786458f4cb4232d03fcd471
[NotebookApp | INFO] Accepting one-time-token-authenticated connection from ::1
[NotebookApp | WARNING] 404 GET /nbextensions/nbextensions_configurator/tree_tab/main.js?v=20180116092256 (::1) 19.00ms referer=http://localhost:8888/tree
[NotebookApp | WARNING] 404 GET /nbextensions/nbextensions_configurator/config_menu/main.js?v=20180116092256 (::1) 2.00ms referer=http://localhost:8888/notebooks/Figures.ipynb
[NotebookApp | WARNING] 404 GET /nbextensions/python-markdown/main.js?v=20180116092256 (::1) 2.02ms referer=http://localhost:8888/notebooks/Figures.ipynb
[NotebookApp | INFO] Kernel started: 6d489485-1128-42e3-b086-4e4f6e1877a2
[NotebookApp | WARNING] 404 GET /nbextensions/widgets/notebook/js/extension.js?v=20180116092256 (::1) 1.00ms referer=http://localhost:8888/notebooks/Figures.ipynb
[NotebookApp | INFO] Adapting to protocol v5.1 for kernel 6d489485-1128-42e3-b086-4e4f6e1877a2
[NotebookApp | INFO] Saving file at /Figures.ipynb
[NotebookApp | INFO] Saving file at /Figures.ipynb
[NotebookApp | INFO] Saving file at /Figures.ipynb
[NotebookApp | INFO] Saving file at /Figures.ipynb
[NotebookApp | INFO] Saving file at /Figures.ipynb
[NotebookApp | INFO] Saving file at /Figures.ipynb
[NotebookApp | INFO] Saving file at /Figures.ipynb
[NotebookApp | INFO] Saving file at /Figures.ipynb
[NotebookApp | INFO] Saving file at /Figures.ipynb
[NotebookApp | INFO] Saving file at /Figures.ipynb
[NotebookApp | INFO] Saving file at /Figures.ipynb
[NotebookApp | INFO] Saving file at /Figures.ipynb
[NotebookApp | INFO] Starting buffering for 6d489485-1128-42e3-b086-4e4f6e1877a2:E16934AA0AF64B2C821167AE79CAB8AB
[NotebookApp | INFO] Kernel restarted: 6d489485-1128-42e3-b086-4e4f6e1877a2
[NotebookApp | INFO] Adapting to protocol v5.1 for kernel 6d489485-1128-42e3-b086-4e4f6e1877a2
[NotebookApp | INFO] Restoring connection for 6d489485-1128-42e3-b086-4e4f6e1877a2:E16934AA0AF64B2C821167AE79CAB8AB
[NotebookApp | INFO] Replaying 3 buffered messages
[NotebookApp | INFO] Saving file at /Figures.ipynb
[NotebookApp | INFO] Saving file at /Figures.ipynb
[NotebookApp | INFO] Saving file at /Figures.ipynb
[NotebookApp | INFO] Saving file at /Figures.ipynb
[NotebookApp | INFO] Saving file at /Figures.ipynb
[NotebookApp | INFO] Saving file at /Figures.ipynb
[NotebookApp | INFO] Saving file at /Figures.ipynb
[NotebookApp | INFO] Saving file at /Figures.ipynb
[NotebookApp | INFO] Saving file at /Figures.ipynb
[NotebookApp | INFO] Saving file at /Figures.ipynb
[NotebookApp | INFO] Saving file at /Figures.ipynb
[NotebookApp | INFO] Saving file at /Figures.ipynb
[NotebookApp | INFO] Saving file at /Figures.ipynb
[NotebookApp | INFO] Saving file at /Figures.ipynb
[NotebookApp | INFO] Saving file at /Figures.ipynb
[NotebookApp | INFO] Saving file at /Figures.ipynb
[NotebookApp | INFO] Saving file at /Figures.ipynb
[NotebookApp | INFO] Saving file at /Figures.ipynb
[NotebookApp | INFO] Saving file at /Figures.ipynb
[NotebookApp | INFO] Saving file at /Figures.ipynb
[NotebookApp | INFO] Saving file at /Figures.ipynb
[NotebookApp | INFO] Saving file at /Figures.ipynb
[NotebookApp | INFO] Saving file at /Figures.ipynb
[NotebookApp | INFO] Saving file at /Figures.ipynb
[NotebookApp | INFO] Saving file at /Figures.ipynb
[NotebookApp | INFO] Saving file at /Figures.ipynb
[NotebookApp | INFO] Saving file at /Figures.ipynb
[NotebookApp | INFO] Saving file at /Figures.ipynb
[NotebookApp | INFO] Saving file at /Figures.ipynb
[NotebookApp | INFO] Saving file at /Figures.ipynb
[NotebookApp | INFO] Saving file at /Figures.ipynb
[NotebookApp | INFO] Saving file at /Figures.ipynb
[NotebookApp | INFO] Saving file at /Figures.ipynb
[NotebookApp | INFO] Saving file at /Figures.ipynb
[NotebookApp | INFO] Interrupted...
[NotebookApp | INFO] Shutting down 1 kernel
[NotebookApp | INFO] Kernel shutdown: 6d489485-1128-42e3-b086-4e4f6e1877a2
[NotebookApp | WARNING] No nbgrader_config.py file found (rerun with --debug to see where nbgrader is looking)
[NotebookApp | INFO] Loading the validate_assignment nbgrader serverextension
[NotebookApp | INFO] Serving notebooks from local directory: F:\googleDrive\_StatsDev\LS40_Development\Lecture Presentations\lib\_notebooks
[NotebookApp | INFO] 0 active kernels
[NotebookApp | INFO] The Jupyter Notebook is running at:
[NotebookApp | INFO] http://localhost:8888/?token=d9261f13f5fa25ffe5130696b7e955eb3d07f8946ff93712
[NotebookApp | INFO] Use Control-C to stop this server and shut down all kernels (twice to skip confirmation).
[NotebookApp | CRITICAL] 
    
    Copy/paste this URL into your browser when you connect for the first time,
    to login with a token:
        http://localhost:8888/?token=d9261f13f5fa25ffe5130696b7e955eb3d07f8946ff93712
[NotebookApp | INFO] Accepting one-time-token-authenticated connection from ::1
[NotebookApp | WARNING] 404 GET /nbextensions/nbextensions_configurator/tree_tab/main.js?v=20180118060212 (::1) 21.02ms referer=http://localhost:8888/tree
[NotebookApp | WARNING] 404 GET /nbextensions/nbextensions_configurator/config_menu/main.js?v=20180118060212 (::1) 1.00ms referer=http://localhost:8888/notebooks/Figures.ipynb
[NotebookApp | WARNING] 404 GET /nbextensions/python-markdown/main.js?v=20180118060212 (::1) 2.00ms referer=http://localhost:8888/notebooks/Figures.ipynb
[NotebookApp | WARNING] 404 GET /nbextensions/widgets/notebook/js/extension.js?v=20180118060212 (::1) 2.01ms referer=http://localhost:8888/notebooks/Figures.ipynb
[NotebookApp | INFO] Kernel started: 000b686b-49b9-430a-a0bd-69029d761dd0
[NotebookApp | INFO] Adapting to protocol v5.1 for kernel 000b686b-49b9-430a-a0bd-69029d761dd0
[NotebookApp | INFO] Saving file at /Figures.ipynb
[NotebookApp | INFO] Saving file at /Figures.ipynb
[NotebookApp | INFO] Saving file at /Figures.ipynb
[NotebookApp | INFO] Saving file at /Figures.ipynb
[NotebookApp | INFO] Saving file at /Figures.ipynb
[NotebookApp | INFO] Saving file at /Figures.ipynb
[NotebookApp | INFO] Saving file at /Figures.ipynb
[NotebookApp | INFO] Saving file at /Figures.ipynb
[NotebookApp | INFO] Saving file at /Figures.ipynb
[NotebookApp | INFO] Saving file at /Figures.ipynb
[NotebookApp | INFO] Saving file at /Figures.ipynb
[NotebookApp | INFO] Saving file at /Figures.ipynb
[NotebookApp | INFO] Saving file at /Figures.ipynb
[NotebookApp | INFO] Saving file at /Figures.ipynb
[NotebookApp | INFO] Saving file at /Figures.ipynb
[NotebookApp | INFO] Saving file at /Figures.ipynb
[NotebookApp | INFO] Saving file at /Figures.ipynb
[NotebookApp | INFO] Saving file at /Figures.ipynb
[NotebookApp | INFO] Saving file at /Figures.ipynb
[NotebookApp | INFO] Saving file at /Figures.ipynb
[NotebookApp | INFO] Saving file at /Figures.ipynb
[NotebookApp | INFO] Saving file at /Figures.ipynb
[NotebookApp | INFO] Saving file at /Figures.ipynb
[NotebookApp | INFO] Saving file at /Figures.ipynb
[NotebookApp | INFO] Saving file at /Figures.ipynb
[NotebookApp | INFO] Saving file at /Figures.ipynb
[NotebookApp | INFO] Saving file at /Figures.ipynb
[NotebookApp | INFO] Saving file at /Figures.ipynb
[NotebookApp | INFO] Saving file at /Figures.ipynb
[NotebookApp | INFO] Saving file at /Figures.ipynb
[NotebookApp | INFO] Saving file at /Figures.ipynb
[NotebookApp | INFO] Saving file at /Figures.ipynb
[NotebookApp | INFO] Saving file at /Figures.ipynb
[NotebookApp | INFO] Saving file at /Figures.ipynb
[NotebookApp | INFO] Saving file at /Figures.ipynb
[NotebookApp | INFO] Saving file at /Figures.ipynb
[NotebookApp | INFO] Starting buffering for 000b686b-49b9-430a-a0bd-69029d761dd0:6EDB860CCAC34602A2B247501D079081
[NotebookApp | INFO] Kernel restarted: 000b686b-49b9-430a-a0bd-69029d761dd0
[NotebookApp | INFO] Adapting to protocol v5.1 for kernel 000b686b-49b9-430a-a0bd-69029d761dd0
[NotebookApp | INFO] Restoring connection for 000b686b-49b9-430a-a0bd-69029d761dd0:6EDB860CCAC34602A2B247501D079081
[NotebookApp | INFO] Replaying 6 buffered messages
[NotebookApp | INFO] Saving file at /Figures.ipynb
[NotebookApp | INFO] Saving file at /Figures.ipynb
[NotebookApp | INFO] Saving file at /Figures.ipynb
[NotebookApp | INFO] Saving file at /Figures.ipynb
[NotebookApp | INFO] Saving file at /Figures.ipynb
[NotebookApp | INFO] Saving file at /Figures.ipynb
[NotebookApp | INFO] Saving file at /Figures.ipynb
[NotebookApp | INFO] Saving file at /Figures.ipynb
[NotebookApp | INFO] Saving file at /Figures.ipynb
[NotebookApp | INFO] Saving file at /Figures.ipynb
[NotebookApp | INFO] Saving file at /Figures.ipynb
[NotebookApp | INFO] Saving file at /Figures.ipynb
[NotebookApp | INFO] Saving file at /Figures.ipynb
[NotebookApp | INFO] Saving file at /Figures.ipynb
[NotebookApp | INFO] Saving file at /Figures.ipynb
[NotebookApp | INFO] Saving file at /Figures.ipynb
[NotebookApp | INFO] Saving file at /Figures.ipynb
[NotebookApp | INFO] Saving file at /Figures.ipynb
[NotebookApp | INFO] Saving file at /Figures.ipynb
[NotebookApp | INFO] Saving file at /Figures.ipynb
[NotebookApp | INFO] Saving file at /Figures.ipynb
[NotebookApp | INFO] Saving file at /Figures.ipynb
[NotebookApp | INFO] Saving file at /Figures.ipynb
[NotebookApp | INFO] Saving file at /Figures.ipynb
[NotebookApp | INFO] Saving file at /Figures.ipynb
[NotebookApp | INFO] Saving file at /Figures.ipynb
[NotebookApp | INFO] Saving file at /Figures.ipynb
[NotebookApp | INFO] Saving file at /Figures.ipynb
[NotebookApp | INFO] Saving file at /Figures.ipynb
[NotebookApp | INFO] Saving file at /Figures.ipynb
[NotebookApp | INFO] Saving file at /Figures.ipynb
[NotebookApp | INFO] Saving file at /Figures.ipynb
[NotebookApp | INFO] Saving file at /Figures.ipynb
[NotebookApp | INFO] Saving file at /Figures.ipynb
[NotebookApp | INFO] Saving file at /Figures.ipynb
[NotebookApp | INFO] Saving file at /Figures.ipynb
[NotebookApp | INFO] Saving file at /Figures.ipynb
[NotebookApp | INFO] Saving file at /Figures.ipynb
[NotebookApp | INFO] Saving file at /Figures.ipynb
[NotebookApp | INFO] Saving file at /Figures.ipynb
[NotebookApp | INFO] Saving file at /Figures.ipynb
[NotebookApp | INFO] Starting buffering for 000b686b-49b9-430a-a0bd-69029d761dd0:6EDB860CCAC34602A2B247501D079081
[NotebookApp | INFO] Interrupted...
[NotebookApp | INFO] Shutting down 1 kernel
[NotebookApp | INFO] Kernel shutdown: 000b686b-49b9-430a-a0bd-69029d761dd0
[NotebookApp | WARNING] No nbgrader_config.py file found (rerun with --debug to see where nbgrader is looking)
[NotebookApp | INFO] Loading the validate_assignment nbgrader serverextension
[NotebookApp | INFO] Serving notebooks from local directory: F:\googleDrive\_StatsDev\LS40_Development\Lecture Presentations\lib\_notebooks
[NotebookApp | INFO] 0 active kernels
[NotebookApp | INFO] The Jupyter Notebook is running at:
[NotebookApp | INFO] http://localhost:8888/?token=173cd6fa58e4c58c4fb8f63e21a66a8270f64a1c9d9be50b
[NotebookApp | INFO] Use Control-C to stop this server and shut down all kernels (twice to skip confirmation).
[NotebookApp | CRITICAL] 
    
    Copy/paste this URL into your browser when you connect for the first time,
    to login with a token:
        http://localhost:8888/?token=173cd6fa58e4c58c4fb8f63e21a66a8270f64a1c9d9be50b
[NotebookApp | INFO] Accepting one-time-token-authenticated connection from ::1
[NotebookApp | WARNING] 404 GET /nbextensions/nbextensions_configurator/tree_tab/main.js?v=20180118203743 (::1) 19.00ms referer=http://localhost:8888/tree
[NotebookApp | INFO] Creating new notebook in 
[NotebookApp | WARNING] 404 GET /nbextensions/python-markdown/main.js?v=20180118203743 (::1) 2.00ms referer=http://localhost:8888/notebooks/Untitled.ipynb?kernel_name=python3
[NotebookApp | INFO] Kernel started: 3c8c6dd6-fd1a-44a4-837d-957ed401dd88
[NotebookApp | WARNING] 404 GET /nbextensions/nbextensions_configurator/config_menu/main.js?v=20180118203743 (::1) 2.00ms referer=http://localhost:8888/notebooks/Untitled.ipynb?kernel_name=python3
[NotebookApp | WARNING] 404 GET /nbextensions/widgets/notebook/js/extension.js?v=20180118203743 (::1) 1.00ms referer=http://localhost:8888/notebooks/Untitled.ipynb?kernel_name=python3
[NotebookApp | INFO] Adapting to protocol v5.1 for kernel 3c8c6dd6-fd1a-44a4-837d-957ed401dd88
[NotebookApp | INFO] Saving file at /Homework testing.ipynb
[NotebookApp | INFO] Saving file at /Homework testing.ipynb
[NotebookApp | INFO] Saving file at /Homework testing.ipynb
[NotebookApp | INFO] Starting buffering for 3c8c6dd6-fd1a-44a4-837d-957ed401dd88:70F05FD698E3460183483D4A1667F6AF
[NotebookApp | INFO] Interrupted...
[NotebookApp | INFO] Shutting down 1 kernel
[NotebookApp | INFO] Kernel shutdown: 3c8c6dd6-fd1a-44a4-837d-957ed401dd88
[NotebookApp | WARNING] No nbgrader_config.py file found (rerun with --debug to see where nbgrader is looking)
[NotebookApp | INFO] Loading the validate_assignment nbgrader serverextension
[NotebookApp | INFO] Serving notebooks from local directory: F:\googleDrive\_StatsDev\LS40_Development\Lecture Presentations\lib\_notebooks
[NotebookApp | INFO] 0 active kernels
[NotebookApp | INFO] The Jupyter Notebook is running at:
[NotebookApp | INFO] http://localhost:8888/?token=23b7ac1c062dec1ecec84b4746da16adfa6b33ffef3beee4
[NotebookApp | INFO] Use Control-C to stop this server and shut down all kernels (twice to skip confirmation).
[NotebookApp | CRITICAL] 
    
    Copy/paste this URL into your browser when you connect for the first time,
    to login with a token:
        http://localhost:8888/?token=23b7ac1c062dec1ecec84b4746da16adfa6b33ffef3beee4
[NotebookApp | INFO] Accepting one-time-token-authenticated connection from ::1
[NotebookApp | WARNING] 404 GET /nbextensions/nbextensions_configurator/tree_tab/main.js?v=20180121061617 (::1) 19.00ms referer=http://localhost:8888/tree
[NotebookApp | INFO] Creating new notebook in 
[NotebookApp | INFO] Kernel started: 0e09d4a3-a368-4359-85a5-e93c8bec6756
[NotebookApp | WARNING] 404 GET /nbextensions/nbextensions_configurator/config_menu/main.js?v=20180121061617 (::1) 2.00ms referer=http://localhost:8888/notebooks/Untitled.ipynb?kernel_name=python3
[NotebookApp | WARNING] 404 GET /nbextensions/python-markdown/main.js?v=20180121061617 (::1) 2.00ms referer=http://localhost:8888/notebooks/Untitled.ipynb?kernel_name=python3
[NotebookApp | INFO] Adapting to protocol v5.1 for kernel 0e09d4a3-a368-4359-85a5-e93c8bec6756
[NotebookApp | WARNING] Notebook Figures.ipynb is not trusted
[NotebookApp | WARNING] 404 GET /nbextensions/nbextensions_configurator/config_menu/main.js?v=20180121061617 (::1) 2.00ms referer=http://localhost:8888/notebooks/Figures.ipynb
[NotebookApp | WARNING] 404 GET /nbextensions/python-markdown/main.js?v=20180121061617 (::1) 2.00ms referer=http://localhost:8888/notebooks/Figures.ipynb
[NotebookApp | WARNING] 404 GET /nbextensions/widgets/notebook/js/extension.js?v=20180121061617 (::1) 1.00ms referer=http://localhost:8888/notebooks/Figures.ipynb
[NotebookApp | INFO] Kernel started: 42208944-35ae-41cc-9802-858bc2617fe5
[NotebookApp | INFO] Adapting to protocol v5.1 for kernel 42208944-35ae-41cc-9802-858bc2617fe5
[NotebookApp | WARNING] Notebook Homework testing.ipynb is not trusted
[NotebookApp | WARNING] 404 GET /nbextensions/nbextensions_configurator/config_menu/main.js?v=20180121061617 (::1) 2.00ms referer=http://localhost:8888/notebooks/Homework%20testing.ipynb
[NotebookApp | WARNING] 404 GET /nbextensions/python-markdown/main.js?v=20180121061617 (::1) 1.00ms referer=http://localhost:8888/notebooks/Homework%20testing.ipynb
[NotebookApp | INFO] Kernel started: 80631e00-1e53-4fc3-b5ff-44d651938c34
[NotebookApp | WARNING] 404 GET /nbextensions/widgets/notebook/js/extension.js?v=20180121061617 (::1) 1.98ms referer=http://localhost:8888/notebooks/Homework%20testing.ipynb
[NotebookApp | INFO] Adapting to protocol v5.1 for kernel 80631e00-1e53-4fc3-b5ff-44d651938c34
[NotebookApp | INFO] Creating new file in 
[NotebookApp | INFO] Saving file at /Figures pt2 - Week 3+.ipynb
[NotebookApp | INFO] Saving file at /Figures.ipynb
[NotebookApp | WARNING] Notebook Figures.ipynb is not trusted
[NotebookApp | INFO] Saving file at /Homework testing.ipynb
[NotebookApp | WARNING] Notebook Homework testing.ipynb is not trusted
[NotebookApp | WARNING] delete /utils.py
[NotebookApp | WARNING] 404 GET /nbextensions/nbextensions_configurator/tree_tab/main.js?v=20180121061617 (::1) 0.98ms referer=http://localhost:8888/tree/Tools
[NotebookApp | INFO] Saving file at /Tools/utils.py
[NotebookApp | WARNING] 404 GET /nbextensions/nbextensions_configurator/tree_tab/main.js?v=20180121061617 (::1) 1.00ms referer=http://localhost:8888/tree
[NotebookApp | INFO] Creating new file in 
[NotebookApp | INFO] Saving file at /Figures.ipynb
[NotebookApp | WARNING] Notebook Figures.ipynb is not trusted
[NotebookApp | WARNING] 404 GET /nbextensions/nbextensions_configurator/tree_tab/main.js?v=20180121061617 (::1) 1.00ms referer=http://localhost:8888/tree
[NotebookApp | WARNING] 404 GET /nbextensions/nbextensions_configurator/config_menu/main.js?v=20180121061617 (::1) 2.00ms referer=http://localhost:8888/notebooks/Figure%201.ipynb
[NotebookApp | WARNING] 404 GET /nbextensions/python-markdown/main.js?v=20180121061617 (::1) 1.00ms referer=http://localhost:8888/notebooks/Figure%201.ipynb
[NotebookApp | INFO] Kernel started: 27931646-f108-425a-853c-d5b18e787abd
[NotebookApp | WARNING] 404 GET /nbextensions/widgets/notebook/js/extension.js?v=20180121061617 (::1) 1.00ms referer=http://localhost:8888/notebooks/Figure%201.ipynb
[NotebookApp | INFO] Adapting to protocol v5.1 for kernel 27931646-f108-425a-853c-d5b18e787abd
[NotebookApp | INFO] Starting buffering for 27931646-f108-425a-853c-d5b18e787abd:9303EF0241FD4ECDA9FD62B6108F094A
[NotebookApp | INFO] Saving file at /Figures.ipynb
[NotebookApp | WARNING] Notebook Figures.ipynb is not trusted
[NotebookApp | INFO] Saving file at /_init.py
[NotebookApp | WARNING] 404 GET /nbextensions/nbextensions_configurator/tree_tab/main.js?v=20180121061617 (::1) 1.00ms referer=http://localhost:8888/tree/Tools
[NotebookApp | WARNING] delete /Tools/plotConfig.py
[NotebookApp | INFO] Saving file at /Tools/stats.py
[NotebookApp | INFO] Saving file at /_init.py
[NotebookApp | INFO] Saving file at /Tools/__init__.py
[NotebookApp | INFO] Saving file at /Tools/utils.py
[NotebookApp | INFO] Starting buffering for 80631e00-1e53-4fc3-b5ff-44d651938c34:2417C784D5E34D36A96BED33C34EC99F
[NotebookApp | INFO] Saving file at /Tools/utils.py
[NotebookApp | INFO] Saving file at /_init.py
[NotebookApp | INFO] Saving file at /Tools/stats.py
[NotebookApp | INFO] Saving file at /Tools/utils.py
[NotebookApp | INFO] Saving file at /Tools/utils.py
[NotebookApp | WARNING] 404 GET /nbextensions/nbextensions_configurator/tree_tab/main.js?v=20180121061617 (::1) 1.02ms referer=http://localhost:8888/tree
[NotebookApp | WARNING] 404 GET /nbextensions/python-markdown/main.js?v=20180121061617 (::1) 2.00ms referer=http://localhost:8888/notebooks/Figure%201.ipynb
[NotebookApp | WARNING] 404 GET /nbextensions/nbextensions_configurator/config_menu/main.js?v=20180121061617 (::1) 1.00ms referer=http://localhost:8888/notebooks/Figure%201.ipynb
[NotebookApp | WARNING] 404 GET /nbextensions/widgets/notebook/js/extension.js?v=20180121061617 (::1) 2.02ms referer=http://localhost:8888/notebooks/Figure%201.ipynb
[NotebookApp | INFO] Adapting to protocol v5.1 for kernel 27931646-f108-425a-853c-d5b18e787abd
[NotebookApp | INFO] Saving file at /_init.py
[NotebookApp | INFO] Saving file at /Figures pt2 - Week 3+.ipynb
[NotebookApp | INFO] Starting buffering for 27931646-f108-425a-853c-d5b18e787abd:55A1759B37D04806860C0F7B918B92FA
[NotebookApp | INFO] Kernel shutdown: 27931646-f108-425a-853c-d5b18e787abd
[NotebookApp | WARNING] delete /Figure 1.ipynb
[NotebookApp | WARNING] delete /figInit.py
[NotebookApp | INFO] Kernel shutdown: 80631e00-1e53-4fc3-b5ff-44d651938c34
[NotebookApp | INFO] Saving file at /_init.py
[NotebookApp | INFO] Saving file at /Figures pt2 - Week 3+.ipynb
[NotebookApp | INFO] Saving file at /_init.py
[NotebookApp | INFO] Saving file at /Figures pt2 - Week 3+.ipynb
[NotebookApp | INFO] Saving file at /Figures pt2 - Week 3+.ipynb
[NotebookApp | INFO] Saving file at /Figures pt2 - Week 3+.ipynb
[NotebookApp | INFO] Saving file at /Figures pt2 - Week 3+.ipynb
[NotebookApp | INFO] Saving file at /Figures pt2 - Week 3+.ipynb
[NotebookApp | INFO] Saving file at /Figures pt2 - Week 3+.ipynb
[NotebookApp | INFO] Saving file at /Figures pt2 - Week 3+.ipynb
[NotebookApp | INFO] Saving file at /Figures pt2 - Week 3+.ipynb
[NotebookApp | INFO] Saving file at /Figures pt2 - Week 3+.ipynb
[NotebookApp | WARNING] 404 GET /nbextensions/nbextensions_configurator/tree_tab/main.js?v=20180121061617 (::1) 1.00ms referer=http://localhost:8888/tree/Tools
[NotebookApp | INFO] Saving file at /Figures pt2 - Week 3+.ipynb
[NotebookApp | INFO] Saving file at /Figures pt2 - Week 3+.ipynb
[NotebookApp | INFO] Saving file at /Figures pt2 - Week 3+.ipynb
[NotebookApp | INFO] Saving file at /Figures pt2 - Week 3+.ipynb
[NotebookApp | INFO] Saving file at /Figures pt2 - Week 3+.ipynb
[NotebookApp | INFO] Saving file at /Figures pt2 - Week 3+.ipynb
[NotebookApp | INFO] Saving file at /Figures pt2 - Week 3+.ipynb
[NotebookApp | INFO] Saving file at /Figures pt2 - Week 3+.ipynb
[NotebookApp | INFO] Saving file at /Figures pt2 - Week 3+.ipynb
[NotebookApp | INFO] Saving file at /Figures pt2 - Week 3+.ipynb
[NotebookApp | INFO] Saving file at /_init.py
[NotebookApp | INFO] Saving file at /_init.py
[NotebookApp | INFO] Starting buffering for 0e09d4a3-a368-4359-85a5-e93c8bec6756:ACB31EA521D34D70BF3B02D448C8036D
[NotebookApp | INFO] Kernel restarted: 0e09d4a3-a368-4359-85a5-e93c8bec6756
[NotebookApp | INFO] Adapting to protocol v5.1 for kernel 0e09d4a3-a368-4359-85a5-e93c8bec6756
[NotebookApp | INFO] Restoring connection for 0e09d4a3-a368-4359-85a5-e93c8bec6756:ACB31EA521D34D70BF3B02D448C8036D
[NotebookApp | INFO] Replaying 3 buffered messages
[NotebookApp | INFO] Saving file at /Figures pt2 - Week 3+.ipynb
[NotebookApp | INFO] Saving file at /Figures pt2 - Week 3+.ipynb
[NotebookApp | INFO] Saving file at /Figures pt2 - Week 3+.ipynb
[NotebookApp | INFO] Saving file at /Figures pt2 - Week 3+.ipynb
[NotebookApp | INFO] Saving file at /Figures pt2 - Week 3+.ipynb
[NotebookApp | INFO] Saving file at /Figures pt2 - Week 3+.ipynb
[NotebookApp | INFO] Saving file at /Figures pt2 - Week 3+.ipynb
[NotebookApp | INFO] Saving file at /Figures pt2 - Week 3+.ipynb
[NotebookApp | INFO] Saving file at /Figures pt2 - Week 3+.ipynb
[NotebookApp | INFO] Saving file at /Figures pt2 - Week 3+.ipynb
[NotebookApp | INFO] Saving file at /Figures pt2 - Week 3+.ipynb
[NotebookApp | INFO] Saving file at /Figures pt2 - Week 3+.ipynb
[NotebookApp | INFO] Starting buffering for 0e09d4a3-a368-4359-85a5-e93c8bec6756:ACB31EA521D34D70BF3B02D448C8036D
[NotebookApp | INFO] Kernel restarted: 0e09d4a3-a368-4359-85a5-e93c8bec6756
[NotebookApp | INFO] Adapting to protocol v5.1 for kernel 0e09d4a3-a368-4359-85a5-e93c8bec6756
[NotebookApp | INFO] Restoring connection for 0e09d4a3-a368-4359-85a5-e93c8bec6756:ACB31EA521D34D70BF3B02D448C8036D
[NotebookApp | INFO] Replaying 3 buffered messages
[NotebookApp | INFO] Saving file at /Figures pt2 - Week 3+.ipynb
[NotebookApp | INFO] Saving file at /Figures pt2 - Week 3+.ipynb
[NotebookApp | INFO] Saving file at /Figures pt2 - Week 3+.ipynb
[NotebookApp | INFO] Saving file at /Figures pt2 - Week 3+.ipynb
[NotebookApp | INFO] Saving file at /Figures pt2 - Week 3+.ipynb
[NotebookApp | INFO] Saving file at /Figures pt2 - Week 3+.ipynb
[NotebookApp | INFO] Saving file at /Figures pt2 - Week 3+.ipynb
[NotebookApp | INFO] Saving file at /Figures pt2 - Week 3+.ipynb
[NotebookApp | INFO] Saving file at /Figures pt2 - Week 3+.ipynb
[NotebookApp | INFO] Saving file at /Figures pt2 - Week 3+.ipynb
[NotebookApp | INFO] Saving file at /Figures pt2 - Week 3+.ipynb
[NotebookApp | INFO] Saving file at /Figures pt2 - Week 3+.ipynb
[NotebookApp | INFO] Saving file at /Figures pt2 - Week 3+.ipynb
[NotebookApp | INFO] Saving file at /Figures pt2 - Week 3+.ipynb
[NotebookApp | INFO] Saving file at /Figures pt2 - Week 3+.ipynb
[NotebookApp | INFO] Saving file at /Figures pt2 - Week 3+.ipynb
[NotebookApp | INFO] Saving file at /Figures pt2 - Week 3+.ipynb
[NotebookApp | INFO] Saving file at /Figures pt2 - Week 3+.ipynb
[NotebookApp | INFO] Saving file at /Figures pt2 - Week 3+.ipynb
[NotebookApp | INFO] Saving file at /Figures pt2 - Week 3+.ipynb
[NotebookApp | INFO] Saving file at /Figures pt2 - Week 3+.ipynb
[NotebookApp | INFO] Saving file at /Figures pt2 - Week 3+.ipynb
[NotebookApp | INFO] Saving file at /Figures pt2 - Week 3+.ipynb
[NotebookApp | INFO] Saving file at /Figures pt2 - Week 3+.ipynb
[NotebookApp | INFO] Saving file at /Figures pt2 - Week 3+.ipynb
[NotebookApp | INFO] Saving file at /Figures pt2 - Week 3+.ipynb
[NotebookApp | INFO] Saving file at /Figures pt2 - Week 3+.ipynb
[NotebookApp | INFO] Saving file at /Figures pt2 - Week 3+.ipynb
[NotebookApp | INFO] Saving file at /Figures pt2 - Week 3+.ipynb
[NotebookApp | INFO] Saving file at /Figures pt2 - Week 3+.ipynb
[NotebookApp | INFO] Saving file at /Figures pt2 - Week 3+.ipynb
[NotebookApp | INFO] Saving file at /Figures pt2 - Week 3+.ipynb
[NotebookApp | INFO] Saving file at /Figures pt2 - Week 3+.ipynb
[NotebookApp | INFO] Saving file at /Figures pt2 - Week 3+.ipynb
[NotebookApp | INFO] Saving file at /Figures pt2 - Week 3+.ipynb
[NotebookApp | INFO] Saving file at /Figures pt2 - Week 3+.ipynb
[NotebookApp | INFO] Saving file at /Figures pt2 - Week 3+.ipynb
[NotebookApp | INFO] Saving file at /Figures pt2 - Week 3+.ipynb
[NotebookApp | INFO] Saving file at /Figures pt2 - Week 3+.ipynb
[NotebookApp | INFO] Saving file at /Figures pt2 - Week 3+.ipynb
[NotebookApp | INFO] Saving file at /Figures pt2 - Week 3+.ipynb
[NotebookApp | INFO] Saving file at /Figures pt2 - Week 3+.ipynb
[NotebookApp | INFO] Saving file at /Figures pt2 - Week 3+.ipynb
[NotebookApp | INFO] Saving file at /Figures pt2 - Week 3+.ipynb
[NotebookApp | INFO] Saving file at /Figures pt2 - Week 3+.ipynb
[NotebookApp | INFO] Saving file at /Figures pt2 - Week 3+.ipynb
[NotebookApp | INFO] Starting buffering for 0e09d4a3-a368-4359-85a5-e93c8bec6756:ACB31EA521D34D70BF3B02D448C8036D
[NotebookApp | INFO] Kernel restarted: 0e09d4a3-a368-4359-85a5-e93c8bec6756
[NotebookApp | INFO] Adapting to protocol v5.1 for kernel 0e09d4a3-a368-4359-85a5-e93c8bec6756
[NotebookApp | INFO] Restoring connection for 0e09d4a3-a368-4359-85a5-e93c8bec6756:ACB31EA521D34D70BF3B02D448C8036D
[NotebookApp | INFO] Replaying 6 buffered messages
[NotebookApp | INFO] Saving file at /Figures pt2 - Week 3+.ipynb
[NotebookApp | INFO] Saving file at /Figures pt2 - Week 3+.ipynb
[NotebookApp | INFO] Saving file at /Figures pt2 - Week 3+.ipynb
[NotebookApp | INFO] Saving file at /Figures pt2 - Week 3+.ipynb
[NotebookApp | INFO] Saving file at /Figures pt2 - Week 3+.ipynb
[NotebookApp | INFO] Saving file at /Figures pt2 - Week 3+.ipynb
[NotebookApp | INFO] Saving file at /Figures pt2 - Week 3+.ipynb
[NotebookApp | INFO] Saving file at /Figures pt2 - Week 3+.ipynb
[NotebookApp | INFO] Saving file at /Figures pt2 - Week 3+.ipynb
[NotebookApp | INFO] Saving file at /Figures pt2 - Week 3+.ipynb
[NotebookApp | INFO] Saving file at /Figures pt2 - Week 3+.ipynb
[NotebookApp | INFO] Saving file at /Figures pt2 - Week 3+.ipynb
[NotebookApp | INFO] Starting buffering for 0e09d4a3-a368-4359-85a5-e93c8bec6756:ACB31EA521D34D70BF3B02D448C8036D
[NotebookApp | INFO] Kernel restarted: 0e09d4a3-a368-4359-85a5-e93c8bec6756
[NotebookApp | INFO] Adapting to protocol v5.1 for kernel 0e09d4a3-a368-4359-85a5-e93c8bec6756
[NotebookApp | INFO] Restoring connection for 0e09d4a3-a368-4359-85a5-e93c8bec6756:ACB31EA521D34D70BF3B02D448C8036D
[NotebookApp | INFO] Replaying 3 buffered messages
[NotebookApp | INFO] Saving file at /Figures pt2 - Week 3+.ipynb
[NotebookApp | INFO] Saving file at /Tools/utils.py
[NotebookApp | INFO] Saving file at /Figures pt2 - Week 3+.ipynb
[NotebookApp | INFO] Saving file at /Tools/utils.py
[NotebookApp | INFO] Starting buffering for 0e09d4a3-a368-4359-85a5-e93c8bec6756:ACB31EA521D34D70BF3B02D448C8036D
[NotebookApp | INFO] Kernel restarted: 0e09d4a3-a368-4359-85a5-e93c8bec6756
[NotebookApp | INFO] Adapting to protocol v5.1 for kernel 0e09d4a3-a368-4359-85a5-e93c8bec6756
[NotebookApp | INFO] Restoring connection for 0e09d4a3-a368-4359-85a5-e93c8bec6756:ACB31EA521D34D70BF3B02D448C8036D
[NotebookApp | INFO] Replaying 6 buffered messages
[NotebookApp | INFO] Saving file at /Figures pt2 - Week 3+.ipynb
[NotebookApp | INFO] Saving file at /Figures pt2 - Week 3+.ipynb
[NotebookApp | INFO] Saving file at /Figures pt2 - Week 3+.ipynb
[NotebookApp | INFO] Saving file at /Figures pt2 - Week 3+.ipynb
[NotebookApp | INFO] Saving file at /Figures pt2 - Week 3+.ipynb
[NotebookApp | INFO] Saving file at /Figures pt2 - Week 3+.ipynb
[NotebookApp | INFO] Saving file at /Figures pt2 - Week 3+.ipynb
[NotebookApp | INFO] Saving file at /Figures pt2 - Week 3+.ipynb
[NotebookApp | INFO] Saving file at /Figures pt2 - Week 3+.ipynb
[NotebookApp | INFO] Saving file at /Figures pt2 - Week 3+.ipynb
[NotebookApp | INFO] Saving file at /Figures pt2 - Week 3+.ipynb
[NotebookApp | INFO] Saving file at /Figures pt2 - Week 3+.ipynb
[NotebookApp | INFO] Saving file at /Figures pt2 - Week 3+.ipynb
[NotebookApp | INFO] Saving file at /Figures pt2 - Week 3+.ipynb
[NotebookApp | INFO] Saving file at /Figures pt2 - Week 3+.ipynb
[NotebookApp | INFO] Saving file at /Figures pt2 - Week 3+.ipynb
[NotebookApp | INFO] Saving file at /Figures pt2 - Week 3+.ipynb
[NotebookApp | INFO] Saving file at /Figures pt2 - Week 3+.ipynb
[NotebookApp | INFO] Saving file at /Figures pt2 - Week 3+.ipynb
[NotebookApp | INFO] Saving file at /Figures pt2 - Week 3+.ipynb
[NotebookApp | INFO] Saving file at /Figures pt2 - Week 3+.ipynb
[NotebookApp | INFO] Saving file at /Figures pt2 - Week 3+.ipynb
[NotebookApp | INFO] Saving file at /Figures pt2 - Week 3+.ipynb
[NotebookApp | INFO] Saving file at /Figures pt2 - Week 3+.ipynb
[NotebookApp | INFO] Saving file at /Figures pt2 - Week 3+.ipynb
[NotebookApp | INFO] Saving file at /Figures pt2 - Week 3+.ipynb
[NotebookApp | INFO] Saving file at /Figures pt2 - Week 3+.ipynb
[NotebookApp | INFO] Saving file at /Figures pt2 - Week 3+.ipynb
[NotebookApp | INFO] Saving file at /Figures pt2 - Week 3+.ipynb
[NotebookApp | INFO] Starting buffering for 0e09d4a3-a368-4359-85a5-e93c8bec6756:ACB31EA521D34D70BF3B02D448C8036D
[NotebookApp | INFO] Kernel restarted: 0e09d4a3-a368-4359-85a5-e93c8bec6756
[NotebookApp | INFO] Adapting to protocol v5.1 for kernel 0e09d4a3-a368-4359-85a5-e93c8bec6756
[NotebookApp | INFO] Restoring connection for 0e09d4a3-a368-4359-85a5-e93c8bec6756:ACB31EA521D34D70BF3B02D448C8036D
[NotebookApp | INFO] Replaying 6 buffered messages
[NotebookApp | INFO] Saving file at /Figures pt2 - Week 3+.ipynb
[NotebookApp | INFO] Starting buffering for 42208944-35ae-41cc-9802-858bc2617fe5:994464D010844B749C495EE31E2ECAB0
[NotebookApp | INFO] Saving file at /Figures pt2 - Week 3+.ipynb
[NotebookApp | INFO] Saving file at /Figures pt2 - Week 3+.ipynb
[NotebookApp | INFO] Saving file at /Figures pt2 - Week 3+.ipynb
[NotebookApp | INFO] Saving file at /Figures pt2 - Week 3+.ipynb
[NotebookApp | INFO] Saving file at /Figures pt2 - Week 3+.ipynb
[NotebookApp | INFO] Saving file at /Figures pt2 - Week 3+.ipynb
[NotebookApp | INFO] Saving file at /Figures pt2 - Week 3+.ipynb
[NotebookApp | INFO] Saving file at /Figures pt2 - Week 3+.ipynb
[NotebookApp | INFO] Saving file at /Figures pt2 - Week 3+.ipynb
[NotebookApp | INFO] Saving file at /Figures pt2 - Week 3+.ipynb
[NotebookApp | INFO] Starting buffering for 0e09d4a3-a368-4359-85a5-e93c8bec6756:ACB31EA521D34D70BF3B02D448C8036D
[NotebookApp | INFO] Kernel restarted: 0e09d4a3-a368-4359-85a5-e93c8bec6756
[NotebookApp | INFO] Adapting to protocol v5.1 for kernel 0e09d4a3-a368-4359-85a5-e93c8bec6756
[NotebookApp | INFO] Restoring connection for 0e09d4a3-a368-4359-85a5-e93c8bec6756:ACB31EA521D34D70BF3B02D448C8036D
[NotebookApp | INFO] Replaying 6 buffered messages
[NotebookApp | INFO] Saving file at /Figures pt2 - Week 3+.ipynb
[NotebookApp | INFO] Saving file at /Figures pt2 - Week 3+.ipynb
[NotebookApp | INFO] Starting buffering for 0e09d4a3-a368-4359-85a5-e93c8bec6756:ACB31EA521D34D70BF3B02D448C8036D
[NotebookApp | INFO] Interrupted...
[NotebookApp | INFO] Shutting down 2 kernels
[NotebookApp | WARNING] No nbgrader_config.py file found (rerun with --debug to see where nbgrader is looking)
[NotebookApp | INFO] Loading the validate_assignment nbgrader serverextension
[NotebookApp | INFO] Serving notebooks from local directory: F:\googleDrive\_StatsDev\LS40_Development\Lecture Presentations\lib\_notebooks
[NotebookApp | INFO] 0 active kernels
[NotebookApp | INFO] The Jupyter Notebook is running at:
[NotebookApp | INFO] http://localhost:8888/?token=49bfb944184cdd2c85ee68dabac2fd434d40093f7c6cf662
[NotebookApp | INFO] Use Control-C to stop this server and shut down all kernels (twice to skip confirmation).
[NotebookApp | CRITICAL] 
    
    Copy/paste this URL into your browser when you connect for the first time,
    to login with a token:
        http://localhost:8888/?token=49bfb944184cdd2c85ee68dabac2fd434d40093f7c6cf662
[NotebookApp | INFO] Accepting one-time-token-authenticated connection from ::1
[NotebookApp | WARNING] 404 GET /nbextensions/nbextensions_configurator/tree_tab/main.js?v=20180121174019 (::1) 7.50ms referer=http://localhost:8888/tree
[NotebookApp | WARNING] 404 GET /nbextensions/nbextensions_configurator/config_menu/main.js?v=20180121174019 (::1) 2.00ms referer=http://localhost:8888/notebooks/Figures%20pt2%20-%20Week%203%2B.ipynb
[NotebookApp | WARNING] 404 GET /nbextensions/python-markdown/main.js?v=20180121174019 (::1) 1.50ms referer=http://localhost:8888/notebooks/Figures%20pt2%20-%20Week%203%2B.ipynb
[NotebookApp | INFO] Kernel started: 522fb3f4-270d-4ef4-9241-3bd1c5b50298
[NotebookApp | WARNING] 404 GET /nbextensions/widgets/notebook/js/extension.js?v=20180121174019 (::1) 1.50ms referer=http://localhost:8888/notebooks/Figures%20pt2%20-%20Week%203%2B.ipynb
[NotebookApp | INFO] Adapting to protocol v5.1 for kernel 522fb3f4-270d-4ef4-9241-3bd1c5b50298
[NotebookApp | INFO] Saving file at /Figures pt2 - Week 3+.ipynb
[NotebookApp | INFO] Saving file at /Figures pt2 - Week 3+.ipynb
[NotebookApp | INFO] Saving file at /Figures pt2 - Week 3+.ipynb
[NotebookApp | INFO] Saving file at /Figures pt2 - Week 3+.ipynb
[NotebookApp | INFO] Saving file at /Figures pt2 - Week 3+.ipynb
[NotebookApp | INFO] Saving file at /Figures pt2 - Week 3+.ipynb
[NotebookApp | INFO] Saving file at /Figures pt2 - Week 3+.ipynb
[NotebookApp | INFO] Saving file at /Figures pt2 - Week 3+.ipynb
[NotebookApp | INFO] Saving file at /Figures pt2 - Week 3+.ipynb
[NotebookApp | INFO] Saving file at /Figures pt2 - Week 3+.ipynb
[NotebookApp | INFO] Saving file at /Figures pt2 - Week 3+.ipynb
[NotebookApp | INFO] Saving file at /Figures pt2 - Week 3+.ipynb
[NotebookApp | INFO] Saving file at /Figures pt2 - Week 3+.ipynb
[NotebookApp | INFO] Saving file at /Figures pt2 - Week 3+.ipynb
[NotebookApp | INFO] Saving file at /Figures pt2 - Week 3+.ipynb
[NotebookApp | INFO] Saving file at /Figures pt2 - Week 3+.ipynb
[NotebookApp | INFO] Saving file at /Figures pt2 - Week 3+.ipynb
[NotebookApp | INFO] Saving file at /Figures pt2 - Week 3+.ipynb
[NotebookApp | INFO] Saving file at /Figures pt2 - Week 3+.ipynb
[NotebookApp | INFO] Saving file at /Figures pt2 - Week 3+.ipynb
[NotebookApp | INFO] Saving file at /Figures pt2 - Week 3+.ipynb
[NotebookApp | INFO] Saving file at /Figures pt2 - Week 3+.ipynb
[NotebookApp | INFO] Saving file at /Figures pt2 - Week 3+.ipynb
[NotebookApp | INFO] Saving file at /Figures pt2 - Week 3+.ipynb
[NotebookApp | INFO] Saving file at /Figures pt2 - Week 3+.ipynb
[NotebookApp | INFO] Saving file at /Figures pt2 - Week 3+.ipynb
[NotebookApp | INFO] Saving file at /Figures pt2 - Week 3+.ipynb
[NotebookApp | INFO] Saving file at /Figures pt2 - Week 3+.ipynb
[NotebookApp | INFO] Saving file at /Figures pt2 - Week 3+.ipynb
[NotebookApp | INFO] Saving file at /Figures pt2 - Week 3+.ipynb
[NotebookApp | INFO] Saving file at /Figures pt2 - Week 3+.ipynb
[NotebookApp | INFO] Saving file at /Figures pt2 - Week 3+.ipynb
[NotebookApp | INFO] Saving file at /Figures pt2 - Week 3+.ipynb
[NotebookApp | INFO] Saving file at /Figures pt2 - Week 3+.ipynb
[NotebookApp | INFO] Saving file at /Figures pt2 - Week 3+.ipynb
[NotebookApp | INFO] Saving file at /Figures pt2 - Week 3+.ipynb
[NotebookApp | INFO] Saving file at /Figures pt2 - Week 3+.ipynb
[NotebookApp | INFO] Starting buffering for 522fb3f4-270d-4ef4-9241-3bd1c5b50298:88511878B09342E29F62C6493606CA4C
[NotebookApp | INFO] Kernel restarted: 522fb3f4-270d-4ef4-9241-3bd1c5b50298
[NotebookApp | INFO] Adapting to protocol v5.1 for kernel 522fb3f4-270d-4ef4-9241-3bd1c5b50298
[NotebookApp | INFO] Restoring connection for 522fb3f4-270d-4ef4-9241-3bd1c5b50298:88511878B09342E29F62C6493606CA4C
[NotebookApp | INFO] Replaying 6 buffered messages
[NotebookApp | INFO] Saving file at /Figures pt2 - Week 3+.ipynb
[NotebookApp | INFO] Saving file at /Figures pt2 - Week 3+.ipynb
[NotebookApp | INFO] Saving file at /Figures pt2 - Week 3+.ipynb
[NotebookApp | INFO] Saving file at /Figures pt2 - Week 3+.ipynb
[NotebookApp | INFO] Saving file at /Figures pt2 - Week 3+.ipynb
[NotebookApp | INFO] Saving file at /Figures pt2 - Week 3+.ipynb
[NotebookApp | INFO] Saving file at /Figures pt2 - Week 3+.ipynb
[NotebookApp | INFO] Saving file at /Figures pt2 - Week 3+.ipynb
[NotebookApp | INFO] Saving file at /Figures pt2 - Week 3+.ipynb
[NotebookApp | INFO] Saving file at /Figures pt2 - Week 3+.ipynb
[NotebookApp | INFO] Saving file at /Figures pt2 - Week 3+.ipynb
[NotebookApp | INFO] Saving file at /Figures pt2 - Week 3+.ipynb
[NotebookApp | WARNING] 404 GET /nbextensions/nbextensions_configurator/tree_tab/main.js?v=20180121174019 (::1) 2.02ms referer=http://localhost:8888/tree/Tools
[NotebookApp | INFO] Saving file at /Tools/stats.py
[NotebookApp | INFO] Saving file at /Figures pt2 - Week 3+.ipynb
[NotebookApp | INFO] Starting buffering for 522fb3f4-270d-4ef4-9241-3bd1c5b50298:88511878B09342E29F62C6493606CA4C
[NotebookApp | INFO] Kernel restarted: 522fb3f4-270d-4ef4-9241-3bd1c5b50298
[NotebookApp | INFO] Adapting to protocol v5.1 for kernel 522fb3f4-270d-4ef4-9241-3bd1c5b50298
[NotebookApp | INFO] Restoring connection for 522fb3f4-270d-4ef4-9241-3bd1c5b50298:88511878B09342E29F62C6493606CA4C
[NotebookApp | INFO] Replaying 6 buffered messages
[NotebookApp | INFO] Saving file at /Figures pt2 - Week 3+.ipynb
[NotebookApp | INFO] Saving file at /Figures pt2 - Week 3+.ipynb
[NotebookApp | INFO] Saving file at /Figures pt2 - Week 3+.ipynb
[NotebookApp | INFO] Saving file at /Figures pt2 - Week 3+.ipynb
[NotebookApp | INFO] Saving file at /Figures pt2 - Week 3+.ipynb
[NotebookApp | INFO] Saving file at /Figures pt2 - Week 3+.ipynb
[NotebookApp | INFO] Saving file at /Figures pt2 - Week 3+.ipynb
[NotebookApp | INFO] Saving file at /Figures pt2 - Week 3+.ipynb
[NotebookApp | INFO] Saving file at /Figures pt2 - Week 3+.ipynb
[NotebookApp | INFO] Saving file at /Tools/stats.py
[NotebookApp | INFO] Starting buffering for 522fb3f4-270d-4ef4-9241-3bd1c5b50298:88511878B09342E29F62C6493606CA4C
[NotebookApp | INFO] Kernel restarted: 522fb3f4-270d-4ef4-9241-3bd1c5b50298
[NotebookApp | INFO] Adapting to protocol v5.1 for kernel 522fb3f4-270d-4ef4-9241-3bd1c5b50298
[NotebookApp | INFO] Restoring connection for 522fb3f4-270d-4ef4-9241-3bd1c5b50298:88511878B09342E29F62C6493606CA4C
[NotebookApp | INFO] Replaying 3 buffered messages
[NotebookApp | INFO] Saving file at /Tools/stats.py
[NotebookApp | INFO] Saving file at /Tools/stats.py
[NotebookApp | INFO] Starting buffering for 522fb3f4-270d-4ef4-9241-3bd1c5b50298:88511878B09342E29F62C6493606CA4C
[NotebookApp | INFO] Kernel restarted: 522fb3f4-270d-4ef4-9241-3bd1c5b50298
[NotebookApp | INFO] Adapting to protocol v5.1 for kernel 522fb3f4-270d-4ef4-9241-3bd1c5b50298
[NotebookApp | INFO] Restoring connection for 522fb3f4-270d-4ef4-9241-3bd1c5b50298:88511878B09342E29F62C6493606CA4C
[NotebookApp | INFO] Replaying 6 buffered messages
[NotebookApp | INFO] Saving file at /Figures pt2 - Week 3+.ipynb
[NotebookApp | INFO] Saving file at /Tools/stats.py
[NotebookApp | INFO] Starting buffering for 522fb3f4-270d-4ef4-9241-3bd1c5b50298:88511878B09342E29F62C6493606CA4C
[NotebookApp | INFO] Kernel restarted: 522fb3f4-270d-4ef4-9241-3bd1c5b50298
[NotebookApp | INFO] Adapting to protocol v5.1 for kernel 522fb3f4-270d-4ef4-9241-3bd1c5b50298
[NotebookApp | INFO] Restoring connection for 522fb3f4-270d-4ef4-9241-3bd1c5b50298:88511878B09342E29F62C6493606CA4C
[NotebookApp | INFO] Replaying 6 buffered messages
[NotebookApp | INFO] Saving file at /Tools/stats.py
[NotebookApp | INFO] Starting buffering for 522fb3f4-270d-4ef4-9241-3bd1c5b50298:88511878B09342E29F62C6493606CA4C
[NotebookApp | INFO] Kernel restarted: 522fb3f4-270d-4ef4-9241-3bd1c5b50298
[NotebookApp | INFO] Adapting to protocol v5.1 for kernel 522fb3f4-270d-4ef4-9241-3bd1c5b50298
[NotebookApp | INFO] Restoring connection for 522fb3f4-270d-4ef4-9241-3bd1c5b50298:88511878B09342E29F62C6493606CA4C
[NotebookApp | INFO] Replaying 3 buffered messages
[NotebookApp | INFO] Saving file at /Tools/stats.py
[NotebookApp | INFO] Starting buffering for 522fb3f4-270d-4ef4-9241-3bd1c5b50298:88511878B09342E29F62C6493606CA4C
[NotebookApp | INFO] Kernel restarted: 522fb3f4-270d-4ef4-9241-3bd1c5b50298
[NotebookApp | INFO] Adapting to protocol v5.1 for kernel 522fb3f4-270d-4ef4-9241-3bd1c5b50298
[NotebookApp | INFO] Restoring connection for 522fb3f4-270d-4ef4-9241-3bd1c5b50298:88511878B09342E29F62C6493606CA4C
[NotebookApp | INFO] Replaying 6 buffered messages
[NotebookApp | INFO] Saving file at /Figures pt2 - Week 3+.ipynb
[NotebookApp | INFO] Saving file at /Figures pt2 - Week 3+.ipynb
[NotebookApp | INFO] Saving file at /Figures pt2 - Week 3+.ipynb
[NotebookApp | INFO] Saving file at /Figures pt2 - Week 3+.ipynb
[NotebookApp | INFO] Saving file at /Figures pt2 - Week 3+.ipynb
[NotebookApp | INFO] Saving file at /Figures pt2 - Week 3+.ipynb
[NotebookApp | INFO] Saving file at /Figures pt2 - Week 3+.ipynb
[NotebookApp | INFO] Saving file at /Figures pt2 - Week 3+.ipynb
[NotebookApp | INFO] Saving file at /Figures pt2 - Week 3+.ipynb
[NotebookApp | INFO] Saving file at /Figures pt2 - Week 3+.ipynb
[NotebookApp | INFO] Saving file at /Figures pt2 - Week 3+.ipynb
[NotebookApp | INFO] Saving file at /Figures pt2 - Week 3+.ipynb
[NotebookApp | INFO] Saving file at /Figures pt2 - Week 3+.ipynb
[NotebookApp | INFO] Saving file at /Figures pt2 - Week 3+.ipynb
[NotebookApp | INFO] Saving file at /Figures pt2 - Week 3+.ipynb
[NotebookApp | INFO] Saving file at /Figures pt2 - Week 3+.ipynb
[NotebookApp | INFO] Saving file at /Figures pt2 - Week 3+.ipynb
[NotebookApp | INFO] Saving file at /Figures pt2 - Week 3+.ipynb
[NotebookApp | INFO] Saving file at /Figures pt2 - Week 3+.ipynb
[NotebookApp | INFO] Saving file at /Figures pt2 - Week 3+.ipynb
[NotebookApp | INFO] Saving file at /Figures pt2 - Week 3+.ipynb
[NotebookApp | INFO] Saving file at /Figures pt2 - Week 3+.ipynb
[NotebookApp | INFO] Saving file at /Figures pt2 - Week 3+.ipynb
[NotebookApp | INFO] Saving file at /Figures pt2 - Week 3+.ipynb
[NotebookApp | INFO] Saving file at /Figures pt2 - Week 3+.ipynb
[NotebookApp | INFO] Saving file at /Figures pt2 - Week 3+.ipynb
[NotebookApp | INFO] Saving file at /Figures pt2 - Week 3+.ipynb
[NotebookApp | INFO] Saving file at /Figures pt2 - Week 3+.ipynb
[NotebookApp | INFO] Saving file at /Figures pt2 - Week 3+.ipynb
[NotebookApp | INFO] Saving file at /Figures pt2 - Week 3+.ipynb
[NotebookApp | INFO] Saving file at /Figures pt2 - Week 3+.ipynb
[NotebookApp | INFO] Saving file at /Figures pt2 - Week 3+.ipynb
[NotebookApp | INFO] Saving file at /Figures pt2 - Week 3+.ipynb
[NotebookApp | INFO] Saving file at /Figures pt2 - Week 3+.ipynb
[NotebookApp | INFO] Saving file at /Figures pt2 - Week 3+.ipynb
[NotebookApp | INFO] Saving file at /Figures pt2 - Week 3+.ipynb
[NotebookApp | INFO] Saving file at /Figures pt2 - Week 3+.ipynb
[NotebookApp | INFO] Saving file at /Figures pt2 - Week 3+.ipynb
[NotebookApp | INFO] Saving file at /Figures pt2 - Week 3+.ipynb
[NotebookApp | INFO] Saving file at /Figures pt2 - Week 3+.ipynb
[NotebookApp | INFO] Saving file at /Figures pt2 - Week 3+.ipynb
[NotebookApp | INFO] Saving file at /Figures pt2 - Week 3+.ipynb
[NotebookApp | INFO] Saving file at /Figures pt2 - Week 3+.ipynb
[NotebookApp | INFO] Saving file at /Figures pt2 - Week 3+.ipynb
[NotebookApp | INFO] Saving file at /Figures pt2 - Week 3+.ipynb
[NotebookApp | INFO] Saving file at /Figures pt2 - Week 3+.ipynb
[NotebookApp | INFO] Saving file at /Figures pt2 - Week 3+.ipynb
[NotebookApp | INFO] Saving file at /Figures pt2 - Week 3+.ipynb
[NotebookApp | INFO] Saving file at /Figures pt2 - Week 3+.ipynb
[NotebookApp | INFO] Saving file at /Figures pt2 - Week 3+.ipynb
[NotebookApp | INFO] Saving file at /Figures pt2 - Week 3+.ipynb
[NotebookApp | INFO] Saving file at /Figures pt2 - Week 3+.ipynb
[NotebookApp | INFO] Saving file at /Figures pt2 - Week 3+.ipynb
[NotebookApp | INFO] Saving file at /Figures pt2 - Week 3+.ipynb
[NotebookApp | INFO] Saving file at /Figures pt2 - Week 3+.ipynb
[NotebookApp | INFO] Saving file at /Figures pt2 - Week 3+.ipynb
[NotebookApp | INFO] Saving file at /Figures pt2 - Week 3+.ipynb
[NotebookApp | INFO] Saving file at /Figures pt2 - Week 3+.ipynb
[NotebookApp | INFO] Saving file at /Figures pt2 - Week 3+.ipynb
[NotebookApp | INFO] Saving file at /Figures pt2 - Week 3+.ipynb
[NotebookApp | INFO] Saving file at /Figures pt2 - Week 3+.ipynb
[NotebookApp | INFO] Saving file at /Figures pt2 - Week 3+.ipynb
[NotebookApp | INFO] Saving file at /Figures pt2 - Week 3+.ipynb
[NotebookApp | INFO] Saving file at /Figures pt2 - Week 3+.ipynb
[NotebookApp | INFO] Saving file at /Figures pt2 - Week 3+.ipynb
[NotebookApp | INFO] Saving file at /Figures pt2 - Week 3+.ipynb
[NotebookApp | INFO] Saving file at /Figures pt2 - Week 3+.ipynb
[NotebookApp | INFO] Saving file at /Figures pt2 - Week 3+.ipynb
[NotebookApp | INFO] Saving file at /Figures pt2 - Week 3+.ipynb
[NotebookApp | INFO] Saving file at /Figures pt2 - Week 3+.ipynb
[NotebookApp | INFO] Saving file at /Figures pt2 - Week 3+.ipynb
[NotebookApp | INFO] Saving file at /Figures pt2 - Week 3+.ipynb
[NotebookApp | INFO] Saving file at /Figures pt2 - Week 3+.ipynb
[NotebookApp | INFO] Saving file at /Figures pt2 - Week 3+.ipynb
[NotebookApp | INFO] Saving file at /Figures pt2 - Week 3+.ipynb
[NotebookApp | INFO] Saving file at /Figures pt2 - Week 3+.ipynb
[NotebookApp | INFO] Saving file at /Figures pt2 - Week 3+.ipynb
[NotebookApp | INFO] Saving file at /Figures pt2 - Week 3+.ipynb
[NotebookApp | INFO] Saving file at /Figures pt2 - Week 3+.ipynb
[NotebookApp | INFO] Saving file at /Figures pt2 - Week 3+.ipynb
[NotebookApp | INFO] Saving file at /Figures pt2 - Week 3+.ipynb
[NotebookApp | INFO] Saving file at /Figures pt2 - Week 3+.ipynb
[NotebookApp | INFO] Saving file at /Figures pt2 - Week 3+.ipynb
[NotebookApp | INFO] Saving file at /Figures pt2 - Week 3+.ipynb
[NotebookApp | INFO] Saving file at /Figures pt2 - Week 3+.ipynb
[NotebookApp | INFO] Saving file at /Figures pt2 - Week 3+.ipynb
[NotebookApp | INFO] Saving file at /Figures pt2 - Week 3+.ipynb
[NotebookApp | INFO] Saving file at /Figures pt2 - Week 3+.ipynb
[NotebookApp | INFO] Saving file at /Figures pt2 - Week 3+.ipynb
[NotebookApp | INFO] Saving file at /Figures pt2 - Week 3+.ipynb
[NotebookApp | INFO] Saving file at /Figures pt2 - Week 3+.ipynb
[NotebookApp | INFO] Kernel interrupted: 522fb3f4-270d-4ef4-9241-3bd1c5b50298
[NotebookApp | INFO] Saving file at /Figures pt2 - Week 3+.ipynb
[NotebookApp | INFO] Saving file at /Figures pt2 - Week 3+.ipynb
[NotebookApp | INFO] Saving file at /Figures pt2 - Week 3+.ipynb
[NotebookApp | INFO] Saving file at /Figures pt2 - Week 3+.ipynb
[NotebookApp | INFO] Saving file at /Figures pt2 - Week 3+.ipynb
[NotebookApp | INFO] Saving file at /Figures pt2 - Week 3+.ipynb
[NotebookApp | INFO] Saving file at /Figures pt2 - Week 3+.ipynb
[NotebookApp | INFO] Saving file at /Figures pt2 - Week 3+.ipynb
[NotebookApp | INFO] Saving file at /Figures pt2 - Week 3+.ipynb
[NotebookApp | INFO] Saving file at /Figures pt2 - Week 3+.ipynb
[NotebookApp | INFO] Saving file at /Figures pt2 - Week 3+.ipynb
[NotebookApp | INFO] Saving file at /Figures pt2 - Week 3+.ipynb
[NotebookApp | INFO] Saving file at /Figures pt2 - Week 3+.ipynb
[NotebookApp | INFO] Saving file at /Figures pt2 - Week 3+.ipynb
[NotebookApp | INFO] Saving file at /Figures pt2 - Week 3+.ipynb
[NotebookApp | INFO] Saving file at /Figures pt2 - Week 3+.ipynb
[NotebookApp | INFO] Saving file at /Figures pt2 - Week 3+.ipynb
[NotebookApp | INFO] Saving file at /Figures pt2 - Week 3+.ipynb
[NotebookApp | INFO] Saving file at /Figures pt2 - Week 3+.ipynb
[NotebookApp | INFO] Saving file at /Figures pt2 - Week 3+.ipynb
[NotebookApp | INFO] Saving file at /Figures pt2 - Week 3+.ipynb
[NotebookApp | INFO] Saving file at /Figures pt2 - Week 3+.ipynb
[NotebookApp | INFO] Saving file at /Figures pt2 - Week 3+.ipynb
[NotebookApp | INFO] Saving file at /Figures pt2 - Week 3+.ipynb
[NotebookApp | INFO] Saving file at /Figures pt2 - Week 3+.ipynb
[NotebookApp | INFO] Saving file at /Figures pt2 - Week 3+.ipynb
[NotebookApp | INFO] Saving file at /Figures pt2 - Week 3+.ipynb
[NotebookApp | INFO] Saving file at /Figures pt2 - Week 3+.ipynb
[NotebookApp | INFO] Saving file at /Figures pt2 - Week 3+.ipynb
[NotebookApp | INFO] Saving file at /Figures pt2 - Week 3+.ipynb
[NotebookApp | INFO] Saving file at /Figures pt2 - Week 3+.ipynb
[NotebookApp | INFO] Saving file at /Figures pt2 - Week 3+.ipynb
[NotebookApp | INFO] Saving file at /Figures pt2 - Week 3+.ipynb
[NotebookApp | INFO] Saving file at /Figures pt2 - Week 3+.ipynb
[NotebookApp | INFO] Saving file at /Figures pt2 - Week 3+.ipynb
[NotebookApp | INFO] Saving file at /Figures pt2 - Week 3+.ipynb
[NotebookApp | INFO] Saving file at /Figures pt2 - Week 3+.ipynb
[NotebookApp | INFO] Saving file at /Figures pt2 - Week 3+.ipynb
[NotebookApp | INFO] Saving file at /Figures pt2 - Week 3+.ipynb
[NotebookApp | INFO] Saving file at /Figures pt2 - Week 3+.ipynb
[NotebookApp | INFO] Saving file at /Figures pt2 - Week 3+.ipynb
[NotebookApp | INFO] Saving file at /Figures pt2 - Week 3+.ipynb
[NotebookApp | INFO] Saving file at /Figures pt2 - Week 3+.ipynb
[NotebookApp | INFO] Saving file at /Figures pt2 - Week 3+.ipynb
[NotebookApp | INFO] Saving file at /Figures pt2 - Week 3+.ipynb
[NotebookApp | INFO] Saving file at /Figures pt2 - Week 3+.ipynb
[NotebookApp | INFO] Saving file at /Figures pt2 - Week 3+.ipynb
[NotebookApp | INFO] Saving file at /Figures pt2 - Week 3+.ipynb
[NotebookApp | INFO] Saving file at /Figures pt2 - Week 3+.ipynb
[NotebookApp | INFO] Saving file at /Figures pt2 - Week 3+.ipynb
[NotebookApp | INFO] Saving file at /Figures pt2 - Week 3+.ipynb
[NotebookApp | INFO] Saving file at /Figures pt2 - Week 3+.ipynb
[NotebookApp | INFO] Saving file at /Figures pt2 - Week 3+.ipynb
[NotebookApp | INFO] Saving file at /Figures pt2 - Week 3+.ipynb
[NotebookApp | INFO] Saving file at /Figures pt2 - Week 3+.ipynb
[NotebookApp | INFO] Saving file at /Figures pt2 - Week 3+.ipynb
[NotebookApp | INFO] Saving file at /Figures pt2 - Week 3+.ipynb
[NotebookApp | INFO] Saving file at /Figures pt2 - Week 3+.ipynb
[NotebookApp | INFO] Saving file at /Figures pt2 - Week 3+.ipynb
[NotebookApp | INFO] Saving file at /Figures pt2 - Week 3+.ipynb
[NotebookApp | INFO] Saving file at /Figures pt2 - Week 3+.ipynb
[NotebookApp | INFO] Saving file at /Figures pt2 - Week 3+.ipynb
[NotebookApp | INFO] Saving file at /Figures pt2 - Week 3+.ipynb
[NotebookApp | INFO] Saving file at /Figures pt2 - Week 3+.ipynb
[NotebookApp | INFO] Saving file at /Figures pt2 - Week 3+.ipynb
[NotebookApp | INFO] Saving file at /Figures pt2 - Week 3+.ipynb
[NotebookApp | INFO] Saving file at /Figures pt2 - Week 3+.ipynb
[NotebookApp | INFO] Saving file at /Figures pt2 - Week 3+.ipynb
[NotebookApp | INFO] Saving file at /Figures pt2 - Week 3+.ipynb
[NotebookApp | INFO] Saving file at /Figures pt2 - Week 3+.ipynb
[NotebookApp | INFO] Saving file at /Figures pt2 - Week 3+.ipynb
[NotebookApp | INFO] Saving file at /Figures pt2 - Week 3+.ipynb
[NotebookApp | INFO] Saving file at /Figures pt2 - Week 3+.ipynb
[NotebookApp | INFO] Saving file at /Figures pt2 - Week 3+.ipynb
[NotebookApp | INFO] Saving file at /Figures pt2 - Week 3+.ipynb
[NotebookApp | INFO] Starting buffering for 522fb3f4-270d-4ef4-9241-3bd1c5b50298:88511878B09342E29F62C6493606CA4C
[NotebookApp | INFO] Kernel restarted: 522fb3f4-270d-4ef4-9241-3bd1c5b50298
[NotebookApp | INFO] Adapting to protocol v5.1 for kernel 522fb3f4-270d-4ef4-9241-3bd1c5b50298
[NotebookApp | INFO] Restoring connection for 522fb3f4-270d-4ef4-9241-3bd1c5b50298:88511878B09342E29F62C6493606CA4C
[NotebookApp | INFO] Replaying 6 buffered messages
[NotebookApp | INFO] Saving file at /Figures pt2 - Week 3+.ipynb
[NotebookApp | INFO] Saving file at /Figures pt2 - Week 3+.ipynb
[NotebookApp | INFO] Saving file at /Figures pt2 - Week 3+.ipynb
[NotebookApp | INFO] Saving file at /Figures pt2 - Week 3+.ipynb
[NotebookApp | INFO] Saving file at /Figures pt2 - Week 3+.ipynb
[NotebookApp | INFO] Saving file at /Figures pt2 - Week 3+.ipynb
[NotebookApp | INFO] Saving file at /Figures pt2 - Week 3+.ipynb
[NotebookApp | INFO] Saving file at /Figures pt2 - Week 3+.ipynb
[NotebookApp | INFO] Saving file at /Figures pt2 - Week 3+.ipynb
[NotebookApp | INFO] Saving file at /Figures pt2 - Week 3+.ipynb
[NotebookApp | INFO] Saving file at /Figures pt2 - Week 3+.ipynb
[NotebookApp | INFO] Saving file at /Figures pt2 - Week 3+.ipynb
[NotebookApp | INFO] Saving file at /Figures pt2 - Week 3+.ipynb
[NotebookApp | INFO] Saving file at /Figures pt2 - Week 3+.ipynb
[NotebookApp | INFO] Saving file at /Figures pt2 - Week 3+.ipynb
[NotebookApp | INFO] Saving file at /Figures pt2 - Week 3+.ipynb
[NotebookApp | INFO] Saving file at /Figures pt2 - Week 3+.ipynb
[NotebookApp | INFO] Saving file at /Figures pt2 - Week 3+.ipynb
[NotebookApp | INFO] Saving file at /Figures pt2 - Week 3+.ipynb
[NotebookApp | INFO] Saving file at /Figures pt2 - Week 3+.ipynb
[NotebookApp | INFO] Saving file at /Figures pt2 - Week 3+.ipynb
[NotebookApp | INFO] Saving file at /Figures pt2 - Week 3+.ipynb
[NotebookApp | INFO] Saving file at /Figures pt2 - Week 3+.ipynb
[NotebookApp | INFO] Saving file at /Figures pt2 - Week 3+.ipynb
[NotebookApp | INFO] Saving file at /Figures pt2 - Week 3+.ipynb
[NotebookApp | INFO] Starting buffering for 522fb3f4-270d-4ef4-9241-3bd1c5b50298:88511878B09342E29F62C6493606CA4C
[NotebookApp | WARNING] 404 GET /nbextensions/nbextensions_configurator/tree_tab/main.js?v=20180121174019 (::1) 2.00ms referer=http://localhost:8888/tree
[NotebookApp | WARNING] 404 GET /nbextensions/nbextensions_configurator/config_menu/main.js?v=20180121174019 (::1) 2.02ms referer=http://localhost:8888/notebooks/Figures%20pt2%20-%20Week%203%2B.ipynb
[NotebookApp | WARNING] 404 GET /nbextensions/python-markdown/main.js?v=20180121174019 (::1) 1.98ms referer=http://localhost:8888/notebooks/Figures%20pt2%20-%20Week%203%2B.ipynb
[NotebookApp | INFO] Adapting to protocol v5.1 for kernel 522fb3f4-270d-4ef4-9241-3bd1c5b50298
[NotebookApp | WARNING] 404 GET /nbextensions/widgets/notebook/js/extension.js?v=20180121174019 (::1) 1.00ms referer=http://localhost:8888/notebooks/Figures%20pt2%20-%20Week%203%2B.ipynb
[NotebookApp | INFO] Saving file at /Figures pt2 - Week 3+.ipynb
[NotebookApp | INFO] Saving file at /Figures pt2 - Week 3+.ipynb
[NotebookApp | INFO] Starting buffering for 522fb3f4-270d-4ef4-9241-3bd1c5b50298:91ECE53C786C40B188F82C87CB7E133E
[NotebookApp | INFO] Interrupted...
[NotebookApp | INFO] Shutting down 1 kernel
[NotebookApp | INFO] Kernel shutdown: 522fb3f4-270d-4ef4-9241-3bd1c5b50298
[NotebookApp | WARNING] No nbgrader_config.py file found (rerun with --debug to see where nbgrader is looking)
[NotebookApp | INFO] Loading the validate_assignment nbgrader serverextension
[NotebookApp | INFO] Serving notebooks from local directory: F:\googleDrive\_StatsDev\LS40_Development\Lecture Presentations\lib\_notebooks
[NotebookApp | INFO] 0 active kernels
[NotebookApp | INFO] The Jupyter Notebook is running at:
[NotebookApp | INFO] http://localhost:8888/?token=12e95730f2b1190436a9e03bc47ccc2f622025de4726c434
[NotebookApp | INFO] Use Control-C to stop this server and shut down all kernels (twice to skip confirmation).
[NotebookApp | CRITICAL] 
    
    Copy/paste this URL into your browser when you connect for the first time,
    to login with a token:
        http://localhost:8888/?token=12e95730f2b1190436a9e03bc47ccc2f622025de4726c434
[NotebookApp | INFO] Accepting one-time-token-authenticated connection from ::1
[NotebookApp | WARNING] 404 GET /nbextensions/nbextensions_configurator/tree_tab/main.js?v=20180124141015 (::1) 17.00ms referer=http://localhost:8888/tree
[NotebookApp | WARNING] 404 GET /nbextensions/nbextensions_configurator/config_menu/main.js?v=20180124141015 (::1) 2.01ms referer=http://localhost:8888/notebooks/Figures%20pt2%20-%20Week%203%2B.ipynb
[NotebookApp | WARNING] 404 GET /nbextensions/python-markdown/main.js?v=20180124141015 (::1) 1.99ms referer=http://localhost:8888/notebooks/Figures%20pt2%20-%20Week%203%2B.ipynb
[NotebookApp | INFO] Kernel started: c2d8fc81-aa57-4d99-9ade-75409131d0e3
[NotebookApp | WARNING] 404 GET /nbextensions/widgets/notebook/js/extension.js?v=20180124141015 (::1) 1.00ms referer=http://localhost:8888/notebooks/Figures%20pt2%20-%20Week%203%2B.ipynb
[NotebookApp | INFO] Adapting to protocol v5.1 for kernel c2d8fc81-aa57-4d99-9ade-75409131d0e3
[NotebookApp | INFO] Starting buffering for c2d8fc81-aa57-4d99-9ade-75409131d0e3:08AE7164BBB64E6E82151380E4F0F436
[NotebookApp | INFO] Interrupted...
[NotebookApp | INFO] Shutting down 1 kernel
[NotebookApp | INFO] Kernel shutdown: c2d8fc81-aa57-4d99-9ade-75409131d0e3
[NotebookApp | WARNING] No nbgrader_config.py file found (rerun with --debug to see where nbgrader is looking)
[NotebookApp | INFO] Loading the validate_assignment nbgrader serverextension
[NotebookApp | INFO] Serving notebooks from local directory: F:\googleDrive\_StatsDev\LS40_Development\Lecture Presentations\lib\_notebooks
[NotebookApp | INFO] 0 active kernels
[NotebookApp | INFO] The Jupyter Notebook is running at:
[NotebookApp | INFO] http://localhost:8888/?token=05cf672b221f244478d3f2491c7eb98a66bd2133bdb56797
[NotebookApp | INFO] Use Control-C to stop this server and shut down all kernels (twice to skip confirmation).
[NotebookApp | CRITICAL] 
    
    Copy/paste this URL into your browser when you connect for the first time,
    to login with a token:
        http://localhost:8888/?token=05cf672b221f244478d3f2491c7eb98a66bd2133bdb56797
[NotebookApp | INFO] Accepting one-time-token-authenticated connection from ::1
[NotebookApp | WARNING] 404 GET /nbextensions/nbextensions_configurator/tree_tab/main.js?v=20180125061517 (::1) 21.99ms referer=http://localhost:8888/tree
[NotebookApp | WARNING] 404 GET /nbextensions/nbextensions_configurator/config_menu/main.js?v=20180125061517 (::1) 2.00ms referer=http://localhost:8888/notebooks/Figures%20pt2%20-%20Week%203%2B.ipynb
[NotebookApp | WARNING] 404 GET /nbextensions/python-markdown/main.js?v=20180125061517 (::1) 1.48ms referer=http://localhost:8888/notebooks/Figures%20pt2%20-%20Week%203%2B.ipynb
[NotebookApp | INFO] Kernel started: 20d1fbaf-f9ae-4eee-991e-ca030b945be9
[NotebookApp | WARNING] 404 GET /nbextensions/widgets/notebook/js/extension.js?v=20180125061517 (::1) 1.50ms referer=http://localhost:8888/notebooks/Figures%20pt2%20-%20Week%203%2B.ipynb
[NotebookApp | INFO] Adapting to protocol v5.1 for kernel 20d1fbaf-f9ae-4eee-991e-ca030b945be9
[NotebookApp | INFO] Saving file at /Figures pt2 - Week 3+.ipynb
[NotebookApp | INFO] Saving file at /Figures pt2 - Week 3+.ipynb
[NotebookApp | INFO] Saving file at /Figures pt2 - Week 3+.ipynb
[NotebookApp | INFO] Saving file at /Figures pt2 - Week 3+.ipynb
[NotebookApp | INFO] Saving file at /Figures pt2 - Week 3+.ipynb
[NotebookApp | INFO] Saving file at /Figures pt2 - Week 3+.ipynb
[NotebookApp | INFO] Saving file at /Figures pt2 - Week 3+.ipynb
[NotebookApp | INFO] Saving file at /Figures pt2 - Week 3+.ipynb
[NotebookApp | INFO] Saving file at /Figures pt2 - Week 3+.ipynb
[NotebookApp | INFO] Saving file at /Figures pt2 - Week 3+.ipynb
[NotebookApp | INFO] Saving file at /Figures pt2 - Week 3+.ipynb
[NotebookApp | INFO] Saving file at /Figures pt2 - Week 3+.ipynb
[NotebookApp | INFO] Saving file at /Figures pt2 - Week 3+.ipynb
[NotebookApp | INFO] Saving file at /Figures pt2 - Week 3+.ipynb
[NotebookApp | INFO] Saving file at /Figures pt2 - Week 3+.ipynb
[NotebookApp | INFO] Saving file at /Figures pt2 - Week 3+.ipynb
[NotebookApp | INFO] Saving file at /Figures pt2 - Week 3+.ipynb
[NotebookApp | INFO] Saving file at /Figures pt2 - Week 3+.ipynb
[NotebookApp | INFO] Saving file at /Figures pt2 - Week 3+.ipynb
[NotebookApp | INFO] Saving file at /Figures pt2 - Week 3+.ipynb
[NotebookApp | INFO] Saving file at /Figures pt2 - Week 3+.ipynb
[NotebookApp | INFO] Saving file at /Figures pt2 - Week 3+.ipynb
[NotebookApp | INFO] Saving file at /Figures pt2 - Week 3+.ipynb
[NotebookApp | INFO] Saving file at /Figures pt2 - Week 3+.ipynb
[NotebookApp | INFO] Saving file at /Figures pt2 - Week 3+.ipynb
[NotebookApp | INFO] Saving file at /Figures pt2 - Week 3+.ipynb
[NotebookApp | INFO] Starting buffering for 20d1fbaf-f9ae-4eee-991e-ca030b945be9:D8C28878F86342798ABACF84A245260F
[NotebookApp | INFO] Interrupted...
[NotebookApp | INFO] Shutting down 1 kernel
[NotebookApp | INFO] Kernel shutdown: 20d1fbaf-f9ae-4eee-991e-ca030b945be9
